# JRE version: OpenJDK Runtime Environment Temurin-21.0.5+11 (21.0.5+11) (build 21.0.5+11-LTS)
# Java VM: OpenJDK 64-Bit Server VM Temurin-21.0.5+11 (21.0.5+11-LTS, mixed mode, sharing, tiered, compressed oops, compressed class ptrs, parallel gc, windows-amd64)
GC Precious Log:
 CardTable entry size: 512
 CPUs: 8 total, 8 available
 Memory: 7975M
 Large Page Support: Disabled
 NUMA Support: Disabled
 Compressed Oops: Enabled (32-bit)
 Alignments: Space 512K, Generation 512K, Heap 2M
 Heap Min Capacity: 100M
 Heap Initial Capacity: 100M
 Heap Max Capacity: 1G
 Pre-touch: Disabled
 Parallel Workers: 8
Heap:
 PSYoungGen      total 25088K, used 4595K [0x00000000eab00000, 0x00000000ec980000, 0x0000000100000000)
  eden space 20480K, 0% used [0x00000000eab00000,0x00000000eab00000,0x00000000ebf00000)
  from space 4608K, 99% used [0x00000000ebf00000,0x00000000ec37cd18,0x00000000ec380000)
  to   space 2048K, 0% used [0x00000000ec380000,0x00000000ec380000,0x00000000ec580000)
 ParOldGen       total 68608K, used 37185K [0x00000000c0000000, 0x00000000c4300000, 0x00000000eab00000)
  object space 68608K, 54% used [0x00000000c0000000,0x00000000c2450638,0x00000000c4300000)
 Metaspace       used 48590K, committed 49792K, reserved 1114112K
  class space    used 5216K, committed 5696K, reserved 1048576K
GC Heap History (20 events):
Event: 7.535 GC heap before
{Heap before GC invocations=15 (full 2):
 PSYoungGen      total 24064K, used 288K [0x00000000eab00000, 0x00000000ec580000, 0x0000000100000000)
  eden space 22016K, 0% used [0x00000000eab00000,0x00000000eab00000,0x00000000ec080000)
  from space 2048K, 14% used [0x00000000ec280000,0x00000000ec2c8000,0x00000000ec480000)
  to   space 1024K, 0% used [0x00000000ec480000,0x00000000ec480000,0x00000000ec580000)
 ParOldGen       total 68608K, used 18712K [0x00000000c0000000, 0x00000000c4300000, 0x00000000eab00000)
  object space 68608K, 27% used [0x00000000c0000000,0x00000000c1246008,0x00000000c4300000)
 Metaspace       used 34728K, committed 35840K, reserved 1114112K
  class space    used 3472K, committed 3968K, reserved 1048576K
}
Event: 7.565 GC heap after
{Heap after GC invocations=15 (full 2):
 PSYoungGen      total 24064K, used 0K [0x00000000eab00000, 0x00000000ec580000, 0x0000000100000000)
  eden space 22016K, 0% used [0x00000000eab00000,0x00000000eab00000,0x00000000ec080000)
  from space 2048K, 0% used [0x00000000ec280000,0x00000000ec280000,0x00000000ec480000)
  to   space 1024K, 0% used [0x00000000ec480000,0x00000000ec480000,0x00000000ec580000)
 ParOldGen       total 68608K, used 18323K [0x00000000c0000000, 0x00000000c4300000, 0x00000000eab00000)
  object space 68608K, 26% used [0x00000000c0000000,0x00000000c11e4ec8,0x00000000c4300000)
 Metaspace       used 34728K, committed 35840K, reserved 1114112K
  class space    used 3472K, committed 3968K, reserved 1048576K
}
Event: 7.884 GC heap before
{Heap before GC invocations=16 (full 2):
 PSYoungGen      total 24064K, used 22016K [0x00000000eab00000, 0x00000000ec580000, 0x0000000100000000)
  eden space 22016K, 100% used [0x00000000eab00000,0x00000000ec080000,0x00000000ec080000)
  from space 2048K, 0% used [0x00000000ec280000,0x00000000ec280000,0x00000000ec480000)
  to   space 1024K, 0% used [0x00000000ec480000,0x00000000ec480000,0x00000000ec580000)
 ParOldGen       total 68608K, used 18323K [0x00000000c0000000, 0x00000000c4300000, 0x00000000eab00000)
  object space 68608K, 26% used [0x00000000c0000000,0x00000000c11e4ec8,0x00000000c4300000)
 Metaspace       used 37048K, committed 38336K, reserved 1114112K
  class space    used 3778K, committed 4352K, reserved 1048576K
}
Event: 7.887 GC heap after
{Heap after GC invocations=16 (full 2):
 PSYoungGen      total 23040K, used 998K [0x00000000eab00000, 0x00000000ec580000, 0x0000000100000000)
  eden space 22016K, 0% used [0x00000000eab00000,0x00000000eab00000,0x00000000ec080000)
  from space 1024K, 97% used [0x00000000ec480000,0x00000000ec579b48,0x00000000ec580000)
  to   space 2048K, 0% used [0x00000000ec180000,0x00000000ec180000,0x00000000ec380000)
 ParOldGen       total 68608K, used 18735K [0x00000000c0000000, 0x00000000c4300000, 0x00000000eab00000)
  object space 68608K, 27% used [0x00000000c0000000,0x00000000c124bf08,0x00000000c4300000)
 Metaspace       used 37048K, committed 38336K, reserved 1114112K
  class space    used 3778K, committed 4352K, reserved 1048576K
}
Event: 8.152 GC heap before
{Heap before GC invocations=17 (full 2):
 PSYoungGen      total 23040K, used 23014K [0x00000000eab00000, 0x00000000ec580000, 0x0000000100000000)
  eden space 22016K, 100% used [0x00000000eab00000,0x00000000ec080000,0x00000000ec080000)
  from space 1024K, 97% used [0x00000000ec480000,0x00000000ec579b48,0x00000000ec580000)
  to   space 2048K, 0% used [0x00000000ec180000,0x00000000ec180000,0x00000000ec380000)
 ParOldGen       total 68608K, used 18735K [0x00000000c0000000, 0x00000000c4300000, 0x00000000eab00000)
  object space 68608K, 27% used [0x00000000c0000000,0x00000000c124bf08,0x00000000c4300000)
 Metaspace       used 38832K, committed 40064K, reserved 1114112K
  class space    used 4003K, committed 4544K, reserved 1048576K
}
Event: 8.155 GC heap after
{Heap after GC invocations=17 (full 2):
 PSYoungGen      total 24064K, used 1216K [0x00000000eab00000, 0x00000000ec500000, 0x0000000100000000)
  eden space 22016K, 0% used [0x00000000eab00000,0x00000000eab00000,0x00000000ec080000)
  from space 2048K, 59% used [0x00000000ec180000,0x00000000ec2b0030,0x00000000ec380000)
  to   space 1536K, 0% used [0x00000000ec380000,0x00000000ec380000,0x00000000ec500000)
 ParOldGen       total 68608K, used 19652K [0x00000000c0000000, 0x00000000c4300000, 0x00000000eab00000)
  object space 68608K, 28% used [0x00000000c0000000,0x00000000c1331028,0x00000000c4300000)
 Metaspace       used 38832K, committed 40064K, reserved 1114112K
  class space    used 4003K, committed 4544K, reserved 1048576K
}
Event: 8.233 GC heap before
{Heap before GC invocations=18 (full 2):
 PSYoungGen      total 24064K, used 23232K [0x00000000eab00000, 0x00000000ec500000, 0x0000000100000000)
  eden space 22016K, 100% used [0x00000000eab00000,0x00000000ec080000,0x00000000ec080000)
  from space 2048K, 59% used [0x00000000ec180000,0x00000000ec2b0030,0x00000000ec380000)
  to   space 1536K, 0% used [0x00000000ec380000,0x00000000ec380000,0x00000000ec500000)
 ParOldGen       total 68608K, used 19652K [0x00000000c0000000, 0x00000000c4300000, 0x00000000eab00000)
  object space 68608K, 28% used [0x00000000c0000000,0x00000000c1331028,0x00000000c4300000)
 Metaspace       used 39323K, committed 40576K, reserved 1114112K
  class space    used 4062K, committed 4608K, reserved 1048576K
}
Event: 8.236 GC heap after
{Heap after GC invocations=18 (full 2):
 PSYoungGen      total 23552K, used 1528K [0x00000000eab00000, 0x00000000ec680000, 0x0000000100000000)
  eden space 22016K, 0% used [0x00000000eab00000,0x00000000eab00000,0x00000000ec080000)
  from space 1536K, 99% used [0x00000000ec380000,0x00000000ec4fe210,0x00000000ec500000)
  to   space 3072K, 0% used [0x00000000ec080000,0x00000000ec080000,0x00000000ec380000)
 ParOldGen       total 68608K, used 20772K [0x00000000c0000000, 0x00000000c4300000, 0x00000000eab00000)
  object space 68608K, 30% used [0x00000000c0000000,0x00000000c1449078,0x00000000c4300000)
 Metaspace       used 39323K, committed 40576K, reserved 1114112K
  class space    used 4062K, committed 4608K, reserved 1048576K
}
Event: 8.446 GC heap before
{Heap before GC invocations=19 (full 2):
 PSYoungGen      total 23552K, used 23544K [0x00000000eab00000, 0x00000000ec680000, 0x0000000100000000)
  eden space 22016K, 100% used [0x00000000eab00000,0x00000000ec080000,0x00000000ec080000)
  from space 1536K, 99% used [0x00000000ec380000,0x00000000ec4fe210,0x00000000ec500000)
  to   space 3072K, 0% used [0x00000000ec080000,0x00000000ec080000,0x00000000ec380000)
 ParOldGen       total 68608K, used 20772K [0x00000000c0000000, 0x00000000c4300000, 0x00000000eab00000)
  object space 68608K, 30% used [0x00000000c0000000,0x00000000c1449078,0x00000000c4300000)
 Metaspace       used 40275K, committed 41472K, reserved 1114112K
  class space    used 4184K, committed 4736K, reserved 1048576K
}
Event: 8.450 GC heap after
{Heap after GC invocations=19 (full 2):
 PSYoungGen      total 24064K, used 1604K [0x00000000eab00000, 0x00000000ec480000, 0x0000000100000000)
  eden space 22016K, 0% used [0x00000000eab00000,0x00000000eab00000,0x00000000ec080000)
  from space 2048K, 78% used [0x00000000ec080000,0x00000000ec2112a0,0x00000000ec280000)
  to   space 2048K, 0% used [0x00000000ec280000,0x00000000ec280000,0x00000000ec480000)
 ParOldGen       total 68608K, used 22140K [0x00000000c0000000, 0x00000000c4300000, 0x00000000eab00000)
  object space 68608K, 32% used [0x00000000c0000000,0x00000000c159f078,0x00000000c4300000)
 Metaspace       used 40275K, committed 41472K, reserved 1114112K
  class space    used 4184K, committed 4736K, reserved 1048576K
}
Event: 8.538 GC heap before
{Heap before GC invocations=20 (full 2):
 PSYoungGen      total 24064K, used 23620K [0x00000000eab00000, 0x00000000ec480000, 0x0000000100000000)
  eden space 22016K, 100% used [0x00000000eab00000,0x00000000ec080000,0x00000000ec080000)
  from space 2048K, 78% used [0x00000000ec080000,0x00000000ec2112a0,0x00000000ec280000)
  to   space 2048K, 0% used [0x00000000ec280000,0x00000000ec280000,0x00000000ec480000)
 ParOldGen       total 68608K, used 22140K [0x00000000c0000000, 0x00000000c4300000, 0x00000000eab00000)
  object space 68608K, 32% used [0x00000000c0000000,0x00000000c159f078,0x00000000c4300000)
 Metaspace       used 40792K, committed 41984K, reserved 1114112K
  class space    used 4235K, committed 4736K, reserved 1048576K
}
Event: 8.541 GC heap after
{Heap after GC invocations=20 (full 2):
 PSYoungGen      total 24064K, used 1826K [0x00000000eab00000, 0x00000000ec480000, 0x0000000100000000)
  eden space 22016K, 0% used [0x00000000eab00000,0x00000000eab00000,0x00000000ec080000)
  from space 2048K, 89% used [0x00000000ec280000,0x00000000ec448800,0x00000000ec480000)
  to   space 2048K, 0% used [0x00000000ec080000,0x00000000ec080000,0x00000000ec280000)
 ParOldGen       total 68608K, used 23540K [0x00000000c0000000, 0x00000000c4300000, 0x00000000eab00000)
  object space 68608K, 34% used [0x00000000c0000000,0x00000000c16fd088,0x00000000c4300000)
 Metaspace       used 40792K, committed 41984K, reserved 1114112K
  class space    used 4235K, committed 4736K, reserved 1048576K
}
Event: 8.705 GC heap before
{Heap before GC invocations=21 (full 2):
 PSYoungGen      total 24064K, used 23842K [0x00000000eab00000, 0x00000000ec480000, 0x0000000100000000)
  eden space 22016K, 100% used [0x00000000eab00000,0x00000000ec080000,0x00000000ec080000)
  from space 2048K, 89% used [0x00000000ec280000,0x00000000ec448800,0x00000000ec480000)
  to   space 2048K, 0% used [0x00000000ec080000,0x00000000ec080000,0x00000000ec280000)
 ParOldGen       total 68608K, used 23540K [0x00000000c0000000, 0x00000000c4300000, 0x00000000eab00000)
  object space 68608K, 34% used [0x00000000c0000000,0x00000000c16fd088,0x00000000c4300000)
 Metaspace       used 42153K, committed 43392K, reserved 1114112K
  class space    used 4398K, committed 4928K, reserved 1048576K
}
Event: 8.707 GC heap after
{Heap after GC invocations=21 (full 2):
 PSYoungGen      total 24064K, used 2046K [0x00000000eab00000, 0x00000000ec980000, 0x0000000100000000)
  eden space 22016K, 0% used [0x00000000eab00000,0x00000000eab00000,0x00000000ec080000)
  from space 2048K, 99% used [0x00000000ec080000,0x00000000ec27f9f0,0x00000000ec280000)
  to   space 4608K, 0% used [0x00000000ec500000,0x00000000ec500000,0x00000000ec980000)
 ParOldGen       total 68608K, used 25254K [0x00000000c0000000, 0x00000000c4300000, 0x00000000eab00000)
  object space 68608K, 36% used [0x00000000c0000000,0x00000000c18a9888,0x00000000c4300000)
 Metaspace       used 42153K, committed 43392K, reserved 1114112K
  class space    used 4398K, committed 4928K, reserved 1048576K
}
Event: 8.852 GC heap before
{Heap before GC invocations=22 (full 2):
 PSYoungGen      total 24064K, used 24062K [0x00000000eab00000, 0x00000000ec980000, 0x0000000100000000)
  eden space 22016K, 100% used [0x00000000eab00000,0x00000000ec080000,0x00000000ec080000)
  from space 2048K, 99% used [0x00000000ec080000,0x00000000ec27f9f0,0x00000000ec280000)
  to   space 4608K, 0% used [0x00000000ec500000,0x00000000ec500000,0x00000000ec980000)
 ParOldGen       total 68608K, used 25254K [0x00000000c0000000, 0x00000000c4300000, 0x00000000eab00000)
  object space 68608K, 36% used [0x00000000c0000000,0x00000000c18a9888,0x00000000c4300000)
 Metaspace       used 44015K, committed 45248K, reserved 1114112K
  class space    used 4660K, committed 5184K, reserved 1048576K
}
Event: 8.856 GC heap after
{Heap after GC invocations=22 (full 2):
 PSYoungGen      total 24064K, used 2012K [0x00000000eab00000, 0x00000000ec700000, 0x0000000100000000)
  eden space 22016K, 0% used [0x00000000eab00000,0x00000000eab00000,0x00000000ec080000)
  from space 2048K, 98% used [0x00000000ec500000,0x00000000ec6f7258,0x00000000ec700000)
  to   space 3072K, 0% used [0x00000000ec100000,0x00000000ec100000,0x00000000ec400000)
 ParOldGen       total 68608K, used 27198K [0x00000000c0000000, 0x00000000c4300000, 0x00000000eab00000)
  object space 68608K, 39% used [0x00000000c0000000,0x00000000c1a8f888,0x00000000c4300000)
 Metaspace       used 44015K, committed 45248K, reserved 1114112K
  class space    used 4660K, committed 5184K, reserved 1048576K
}
Event: 8.969 GC heap before
{Heap before GC invocations=23 (full 2):
 PSYoungGen      total 24064K, used 24027K [0x00000000eab00000, 0x00000000ec700000, 0x0000000100000000)
  eden space 22016K, 99% used [0x00000000eab00000,0x00000000ec07fc58,0x00000000ec080000)
  from space 2048K, 98% used [0x00000000ec500000,0x00000000ec6f7258,0x00000000ec700000)
  to   space 3072K, 0% used [0x00000000ec100000,0x00000000ec100000,0x00000000ec400000)
 ParOldGen       total 68608K, used 27198K [0x00000000c0000000, 0x00000000c4300000, 0x00000000eab00000)
  object space 68608K, 39% used [0x00000000c0000000,0x00000000c1a8f888,0x00000000c4300000)
 Metaspace       used 45714K, committed 46848K, reserved 1114112K
  class space    used 4879K, committed 5376K, reserved 1048576K
}
Event: 8.972 GC heap after
{Heap after GC invocations=23 (full 2):
 PSYoungGen      total 24576K, used 2156K [0x00000000eab00000, 0x00000000ec580000, 0x0000000100000000)
  eden space 22016K, 0% used [0x00000000eab00000,0x00000000eab00000,0x00000000ec080000)
  from space 2560K, 84% used [0x00000000ec100000,0x00000000ec31b220,0x00000000ec380000)
  to   space 2048K, 0% used [0x00000000ec380000,0x00000000ec380000,0x00000000ec580000)
 ParOldGen       total 68608K, used 28944K [0x00000000c0000000, 0x00000000c4300000, 0x00000000eab00000)
  object space 68608K, 42% used [0x00000000c0000000,0x00000000c1c443c8,0x00000000c4300000)
 Metaspace       used 45714K, committed 46848K, reserved 1114112K
  class space    used 4879K, committed 5376K, reserved 1048576K
}
Event: 9.090 GC heap before
{Heap before GC invocations=24 (full 2):
 PSYoungGen      total 24576K, used 24172K [0x00000000eab00000, 0x00000000ec580000, 0x0000000100000000)
  eden space 22016K, 100% used [0x00000000eab00000,0x00000000ec080000,0x00000000ec080000)
  from space 2560K, 84% used [0x00000000ec100000,0x00000000ec31b220,0x00000000ec380000)
  to   space 2048K, 0% used [0x00000000ec380000,0x00000000ec380000,0x00000000ec580000)
 ParOldGen       total 68608K, used 28944K [0x00000000c0000000, 0x00000000c4300000, 0x00000000eab00000)
  object space 68608K, 42% used [0x00000000c0000000,0x00000000c1c443c8,0x00000000c4300000)
 Metaspace       used 47701K, committed 48832K, reserved 1114112K
  class space    used 5087K, committed 5568K, reserved 1048576K
}
Event: 9.094 GC heap after
{Heap after GC invocations=24 (full 2):
 PSYoungGen      total 22528K, used 2037K [0x00000000eab00000, 0x00000000ec980000, 0x0000000100000000)
  eden space 20480K, 0% used [0x00000000eab00000,0x00000000eab00000,0x00000000ebf00000)
  from space 2048K, 99% used [0x00000000ec380000,0x00000000ec57d7e8,0x00000000ec580000)
  to   space 4608K, 0% used [0x00000000ebf00000,0x00000000ebf00000,0x00000000ec380000)
 ParOldGen       total 68608K, used 30941K [0x00000000c0000000, 0x00000000c4300000, 0x00000000eab00000)
  object space 68608K, 45% used [0x00000000c0000000,0x00000000c1e37540,0x00000000c4300000)
 Metaspace       used 47701K, committed 48832K, reserved 1114112K
  class space    used 5087K, committed 5568K, reserved 1048576K
}

