# JRE version: OpenJDK Runtime Environment Temurin-21.0.5+11 (21.0.5+11) (build 21.0.5+11-LTS)
# Java VM: OpenJDK 64-Bit Server VM Temurin-21.0.5+11 (21.0.5+11-LTS, mixed mode, sharing, tiered, compressed oops, compressed class ptrs, g1 gc, windows-amd64)
GC Precious Log:
 CardTable entry size: 512
 Card Set container configuration: InlinePtr #cards 4 size 8 Array Of Cards #cards 32 size 80 Howl #buckets 8 coarsen threshold 7372 Howl Bitmap #cards 1024 size 144 coarsen threshold 921 Card regions per heap region 1 cards per card region 8192
 CPUs: 8 total, 8 available
 Memory: 7975M
 Large Page Support: Disabled
 NUMA Support: Disabled
 Compressed Oops: Enabled (Zero based)
 Heap Region Size: 4M
 Heap Min Capacity: 8M
 Heap Initial Capacity: 128M
 Heap Max Capacity: 8G
 Pre-touch: Disabled
 Parallel Workers: 8
 Concurrent Workers: 2
 Concurrent Refinement Workers: 8
 Periodic GC: Disabled
Heap:
 garbage-first heap   total 401408K, used 308610K [0x0000000600000000, 0x0000000800000000)
  region size 4096K, 23 young (94208K), 4 survivors (16384K)
 Metaspace       used 163192K, committed 166208K, reserved 1245184K
  class space    used 22065K, committed 23616K, reserved 1048576K
GC Heap History (20 events):
Event: 82.226 GC heap before
{Heap before GC invocations=46 (full 0):
 garbage-first heap   total 303104K, used 271146K [0x0000000600000000, 0x0000000800000000)
  region size 4096K, 30 young (122880K), 2 survivors (8192K)
 Metaspace       used 114566K, committed 117120K, reserved 1179648K
  class space    used 16058K, committed 17344K, reserved 1048576K
}
Event: 82.237 GC heap after
{Heap after GC invocations=47 (full 0):
 garbage-first heap   total 303104K, used 166352K [0x0000000600000000, 0x0000000800000000)
  region size 4096K, 4 young (16384K), 4 survivors (16384K)
 Metaspace       used 114566K, committed 117120K, reserved 1179648K
  class space    used 16058K, committed 17344K, reserved 1048576K
}
Event: 93.272 GC heap before
{Heap before GC invocations=47 (full 0):
 garbage-first heap   total 303104K, used 264656K [0x0000000600000000, 0x0000000800000000)
  region size 4096K, 28 young (114688K), 4 survivors (16384K)
 Metaspace       used 120388K, committed 123072K, reserved 1179648K
  class space    used 16811K, committed 18176K, reserved 1048576K
}
Event: 93.286 GC heap after
{Heap after GC invocations=48 (full 0):
 garbage-first heap   total 303104K, used 172329K [0x0000000600000000, 0x0000000800000000)
  region size 4096K, 2 young (8192K), 2 survivors (8192K)
 Metaspace       used 120388K, committed 123072K, reserved 1179648K
  class space    used 16811K, committed 18176K, reserved 1048576K
}
Event: 95.235 GC heap before
{Heap before GC invocations=48 (full 0):
 garbage-first heap   total 303104K, used 270633K [0x0000000600000000, 0x0000000800000000)
  region size 4096K, 26 young (106496K), 2 survivors (8192K)
 Metaspace       used 121525K, committed 124224K, reserved 1179648K
  class space    used 16964K, committed 18304K, reserved 1048576K
}
Event: 95.245 GC heap after
{Heap after GC invocations=49 (full 0):
 garbage-first heap   total 303104K, used 181875K [0x0000000600000000, 0x0000000800000000)
  region size 4096K, 4 young (16384K), 4 survivors (16384K)
 Metaspace       used 121525K, committed 124224K, reserved 1179648K
  class space    used 16964K, committed 18304K, reserved 1048576K
}
Event: 96.426 GC heap before
{Heap before GC invocations=50 (full 0):
 garbage-first heap   total 307200K, used 263795K [0x0000000600000000, 0x0000000800000000)
  region size 4096K, 24 young (98304K), 4 survivors (16384K)
 Metaspace       used 121663K, committed 124416K, reserved 1179648K
  class space    used 16968K, committed 18368K, reserved 1048576K
}
Event: 96.435 GC heap after
{Heap after GC invocations=51 (full 0):
 garbage-first heap   total 307200K, used 183726K [0x0000000600000000, 0x0000000800000000)
  region size 4096K, 2 young (8192K), 2 survivors (8192K)
 Metaspace       used 121663K, committed 124416K, reserved 1179648K
  class space    used 16968K, committed 18368K, reserved 1048576K
}
Event: 97.512 GC heap before
{Heap before GC invocations=51 (full 0):
 garbage-first heap   total 307200K, used 273838K [0x0000000600000000, 0x0000000800000000)
  region size 4096K, 24 young (98304K), 2 survivors (8192K)
 Metaspace       used 127149K, committed 129920K, reserved 1179648K
  class space    used 17625K, committed 19008K, reserved 1048576K
}
Event: 97.519 GC heap after
{Heap after GC invocations=52 (full 0):
 garbage-first heap   total 307200K, used 181906K [0x0000000600000000, 0x0000000800000000)
  region size 4096K, 2 young (8192K), 2 survivors (8192K)
 Metaspace       used 127149K, committed 129920K, reserved 1179648K
  class space    used 17625K, committed 19008K, reserved 1048576K
}
Event: 98.420 GC heap before
{Heap before GC invocations=52 (full 0):
 garbage-first heap   total 307200K, used 222866K [0x0000000600000000, 0x0000000800000000)
  region size 4096K, 13 young (53248K), 2 survivors (8192K)
 Metaspace       used 134261K, committed 136960K, reserved 1179648K
  class space    used 18979K, committed 20352K, reserved 1048576K
}
Event: 98.424 GC heap after
{Heap after GC invocations=53 (full 0):
 garbage-first heap   total 307200K, used 182821K [0x0000000600000000, 0x0000000800000000)
  region size 4096K, 2 young (8192K), 2 survivors (8192K)
 Metaspace       used 134261K, committed 136960K, reserved 1179648K
  class space    used 18979K, committed 20352K, reserved 1048576K
}
Event: 99.015 GC heap before
{Heap before GC invocations=54 (full 0):
 garbage-first heap   total 323584K, used 285221K [0x0000000600000000, 0x0000000800000000)
  region size 4096K, 25 young (102400K), 2 survivors (8192K)
 Metaspace       used 134574K, committed 137408K, reserved 1179648K
  class space    used 18988K, committed 20352K, reserved 1048576K
}
Event: 99.035 GC heap after
{Heap after GC invocations=55 (full 0):
 garbage-first heap   total 323584K, used 209765K [0x0000000600000000, 0x0000000800000000)
  region size 4096K, 4 young (16384K), 4 survivors (16384K)
 Metaspace       used 134574K, committed 137408K, reserved 1179648K
  class space    used 18988K, committed 20352K, reserved 1048576K
}
Event: 100.034 GC heap before
{Heap before GC invocations=55 (full 0):
 garbage-first heap   total 323584K, used 287589K [0x0000000600000000, 0x0000000800000000)
  region size 4096K, 22 young (90112K), 4 survivors (16384K)
 Metaspace       used 141094K, committed 143872K, reserved 1179648K
  class space    used 19706K, committed 21120K, reserved 1048576K
}
Event: 100.052 GC heap after
{Heap after GC invocations=56 (full 0):
 garbage-first heap   total 331776K, used 221030K [0x0000000600000000, 0x0000000800000000)
  region size 4096K, 2 young (8192K), 2 survivors (8192K)
 Metaspace       used 141094K, committed 143872K, reserved 1179648K
  class space    used 19706K, committed 21120K, reserved 1048576K
}
Event: 101.102 GC heap before
{Heap before GC invocations=56 (full 0):
 garbage-first heap   total 331776K, used 298854K [0x0000000600000000, 0x0000000800000000)
  region size 4096K, 21 young (86016K), 2 survivors (8192K)
 Metaspace       used 149908K, committed 152960K, reserved 1245184K
  class space    used 20668K, committed 22208K, reserved 1048576K
}
Event: 101.109 GC heap after
{Heap after GC invocations=57 (full 0):
 garbage-first heap   total 401408K, used 226231K [0x0000000600000000, 0x0000000800000000)
  region size 4096K, 2 young (8192K), 2 survivors (8192K)
 Metaspace       used 149908K, committed 152960K, reserved 1245184K
  class space    used 20668K, committed 22208K, reserved 1048576K
}
Event: 102.711 GC heap before
{Heap before GC invocations=58 (full 0):
 garbage-first heap   total 401408K, used 353207K [0x0000000600000000, 0x0000000800000000)
  region size 4096K, 33 young (135168K), 2 survivors (8192K)
 Metaspace       used 155951K, committed 159040K, reserved 1245184K
  class space    used 21375K, committed 22976K, reserved 1048576K
}
Event: 102.722 GC heap after
{Heap after GC invocations=59 (full 0):
 garbage-first heap   total 401408K, used 234882K [0x0000000600000000, 0x0000000800000000)
  region size 4096K, 4 young (16384K), 4 survivors (16384K)
 Metaspace       used 155951K, committed 159040K, reserved 1245184K
  class space    used 21375K, committed 22976K, reserved 1048576K
}

