# JRE version: OpenJDK Runtime Environment Temurin-21.0.5+11 (21.0.5+11) (build 21.0.5+11-LTS)
# Java VM: OpenJDK 64-Bit Server VM Temurin-21.0.5+11 (21.0.5+11-LTS, mixed mode, sharing, tiered, compressed oops, compressed class ptrs, g1 gc, windows-amd64)
GC Precious Log:
 CardTable entry size: 512
 Card Set container configuration: InlinePtr #cards 4 size 8 Array Of Cards #cards 32 size 80 Howl #buckets 8 coarsen threshold 7372 Howl Bitmap #cards 1024 size 144 coarsen threshold 921 Card regions per heap region 1 cards per card region 8192
 CPUs: 8 total, 8 available
 Memory: 7975M
 Large Page Support: Disabled
 NUMA Support: Disabled
 Compressed Oops: Enabled (Zero based)
 Heap Region Size: 4M
 Heap Min Capacity: 8M
 Heap Initial Capacity: 128M
 Heap Max Capacity: 8G
 Pre-touch: Disabled
 Parallel Workers: 8
 Concurrent Workers: 2
 Concurrent Refinement Workers: 8
 Periodic GC: Disabled
Heap:
 garbage-first heap   total 110592K, used 78751K [0x0000000600000000, 0x0000000800000000)
  region size 4096K, 5 young (20480K), 1 survivors (4096K)
 Metaspace       used 71432K, committed 73600K, reserved 1114112K
  class space    used 10196K, committed 11264K, reserved 1048576K
GC Heap History (20 events):
Event: 11.343 GC heap before
{Heap before GC invocations=12 (full 0):
 garbage-first heap   total 110592K, used 92302K [0x0000000600000000, 0x0000000800000000)
  region size 4096K, 14 young (57344K), 1 survivors (4096K)
 Metaspace       used 47258K, committed 49024K, reserved 1114112K
  class space    used 6776K, committed 7680K, reserved 1048576K
}
Event: 11.347 GC heap after
{Heap after GC invocations=13 (full 0):
 garbage-first heap   total 110592K, used 41523K [0x0000000600000000, 0x0000000800000000)
  region size 4096K, 2 young (8192K), 2 survivors (8192K)
 Metaspace       used 47258K, committed 49024K, reserved 1114112K
  class space    used 6776K, committed 7680K, reserved 1048576K
}
Event: 12.339 GC heap before
{Heap before GC invocations=13 (full 0):
 garbage-first heap   total 110592K, used 86579K [0x0000000600000000, 0x0000000800000000)
  region size 4096K, 14 young (57344K), 2 survivors (8192K)
 Metaspace       used 52093K, committed 53952K, reserved 1114112K
  class space    used 7456K, committed 8384K, reserved 1048576K
}
Event: 12.345 GC heap after
{Heap after GC invocations=14 (full 0):
 garbage-first heap   total 110592K, used 45174K [0x0000000600000000, 0x0000000800000000)
  region size 4096K, 2 young (8192K), 2 survivors (8192K)
 Metaspace       used 52093K, committed 53952K, reserved 1114112K
  class space    used 7456K, committed 8384K, reserved 1048576K
}
Event: 12.882 GC heap before
{Heap before GC invocations=14 (full 0):
 garbage-first heap   total 110592K, used 90230K [0x0000000600000000, 0x0000000800000000)
  region size 4096K, 13 young (53248K), 2 survivors (8192K)
 Metaspace       used 53655K, committed 55552K, reserved 1114112K
  class space    used 7679K, committed 8640K, reserved 1048576K
}
Event: 12.889 GC heap after
{Heap after GC invocations=15 (full 0):
 garbage-first heap   total 110592K, used 48490K [0x0000000600000000, 0x0000000800000000)
  region size 4096K, 2 young (8192K), 2 survivors (8192K)
 Metaspace       used 53655K, committed 55552K, reserved 1114112K
  class space    used 7679K, committed 8640K, reserved 1048576K
}
Event: 13.711 GC heap before
{Heap before GC invocations=15 (full 0):
 garbage-first heap   total 110592K, used 85354K [0x0000000600000000, 0x0000000800000000)
  region size 4096K, 12 young (49152K), 2 survivors (8192K)
 Metaspace       used 56971K, committed 59008K, reserved 1114112K
  class space    used 8249K, committed 9280K, reserved 1048576K
}
Event: 13.717 GC heap after
{Heap after GC invocations=16 (full 0):
 garbage-first heap   total 110592K, used 52736K [0x0000000600000000, 0x0000000800000000)
  region size 4096K, 2 young (8192K), 2 survivors (8192K)
 Metaspace       used 56971K, committed 59008K, reserved 1114112K
  class space    used 8249K, committed 9280K, reserved 1048576K
}
Event: 14.096 GC heap before
{Heap before GC invocations=16 (full 0):
 garbage-first heap   total 110592K, used 73216K [0x0000000600000000, 0x0000000800000000)
  region size 4096K, 7 young (28672K), 2 survivors (8192K)
 Metaspace       used 59409K, committed 61440K, reserved 1114112K
  class space    used 8536K, committed 9600K, reserved 1048576K
}
Event: 14.101 GC heap after
{Heap after GC invocations=17 (full 0):
 garbage-first heap   total 110592K, used 56748K [0x0000000600000000, 0x0000000800000000)
  region size 4096K, 1 young (4096K), 1 survivors (4096K)
 Metaspace       used 59409K, committed 61440K, reserved 1114112K
  class space    used 8536K, committed 9600K, reserved 1048576K
}
Event: 14.783 GC heap before
{Heap before GC invocations=18 (full 0):
 garbage-first heap   total 110592K, used 97708K [0x0000000600000000, 0x0000000800000000)
  region size 4096K, 10 young (40960K), 1 survivors (4096K)
 Metaspace       used 62865K, committed 64896K, reserved 1114112K
  class space    used 9013K, committed 10048K, reserved 1048576K
}
Event: 14.786 GC heap after
{Heap after GC invocations=19 (full 0):
 garbage-first heap   total 110592K, used 61819K [0x0000000600000000, 0x0000000800000000)
  region size 4096K, 1 young (4096K), 1 survivors (4096K)
 Metaspace       used 62865K, committed 64896K, reserved 1114112K
  class space    used 9013K, committed 10048K, reserved 1048576K
}
Event: 15.313 GC heap before
{Heap before GC invocations=19 (full 0):
 garbage-first heap   total 110592K, used 94587K [0x0000000600000000, 0x0000000800000000)
  region size 4096K, 9 young (36864K), 1 survivors (4096K)
 Metaspace       used 65551K, committed 67584K, reserved 1114112K
  class space    used 9341K, committed 10368K, reserved 1048576K
}
Event: 15.318 GC heap after
{Heap after GC invocations=20 (full 0):
 garbage-first heap   total 110592K, used 62887K [0x0000000600000000, 0x0000000800000000)
  region size 4096K, 2 young (8192K), 2 survivors (8192K)
 Metaspace       used 65551K, committed 67584K, reserved 1114112K
  class space    used 9341K, committed 10368K, reserved 1048576K
}
Event: 15.688 GC heap before
{Heap before GC invocations=20 (full 0):
 garbage-first heap   total 110592K, used 87463K [0x0000000600000000, 0x0000000800000000)
  region size 4096K, 8 young (32768K), 2 survivors (8192K)
 Metaspace       used 67011K, committed 69056K, reserved 1114112K
  class space    used 9526K, committed 10560K, reserved 1048576K
}
Event: 15.692 GC heap after
{Heap after GC invocations=21 (full 0):
 garbage-first heap   total 110592K, used 64138K [0x0000000600000000, 0x0000000800000000)
  region size 4096K, 1 young (4096K), 1 survivors (4096K)
 Metaspace       used 67011K, committed 69056K, reserved 1114112K
  class space    used 9526K, committed 10560K, reserved 1048576K
}
Event: 16.247 GC heap before
{Heap before GC invocations=22 (full 0):
 garbage-first heap   total 110592K, used 96906K [0x0000000600000000, 0x0000000800000000)
  region size 4096K, 9 young (36864K), 1 survivors (4096K)
 Metaspace       used 68380K, committed 70400K, reserved 1114112K
  class space    used 9732K, committed 10752K, reserved 1048576K
}
Event: 16.251 GC heap after
{Heap after GC invocations=23 (full 0):
 garbage-first heap   total 110592K, used 67973K [0x0000000600000000, 0x0000000800000000)
  region size 4096K, 2 young (8192K), 2 survivors (8192K)
 Metaspace       used 68380K, committed 70400K, reserved 1114112K
  class space    used 9732K, committed 10752K, reserved 1048576K
}
Event: 17.250 GC heap before
{Heap before GC invocations=23 (full 0):
 garbage-first heap   total 110592K, used 92549K [0x0000000600000000, 0x0000000800000000)
  region size 4096K, 8 young (32768K), 2 survivors (8192K)
 Metaspace       used 70168K, committed 72320K, reserved 1114112K
  class space    used 9990K, committed 11072K, reserved 1048576K
}
Event: 17.258 GC heap after
{Heap after GC invocations=24 (full 0):
 garbage-first heap   total 110592K, used 66463K [0x0000000600000000, 0x0000000800000000)
  region size 4096K, 1 young (4096K), 1 survivors (4096K)
 Metaspace       used 70168K, committed 72320K, reserved 1114112K
  class space    used 9990K, committed 11072K, reserved 1048576K
}

