# JRE version: OpenJDK Runtime Environment Temurin-21.0.5+11 (21.0.5+11) (build 21.0.5+11-LTS)
# Java VM: OpenJDK 64-Bit Server VM Temurin-21.0.5+11 (21.0.5+11-LTS, mixed mode, sharing, tiered, compressed oops, compressed class ptrs, g1 gc, windows-amd64)
GC Precious Log:
 CardTable entry size: 512
 Card Set container configuration: InlinePtr #cards 4 size 8 Array Of Cards #cards 32 size 80 Howl #buckets 8 coarsen threshold 7372 Howl Bitmap #cards 1024 size 144 coarsen threshold 921 Card regions per heap region 1 cards per card region 8192
 CPUs: 8 total, 8 available
 Memory: 7975M
 Large Page Support: Disabled
 NUMA Support: Disabled
 Compressed Oops: Enabled (Zero based)
 Heap Region Size: 4M
 Heap Min Capacity: 8M
 Heap Initial Capacity: 128M
 Heap Max Capacity: 8G
 Pre-touch: Disabled
 Parallel Workers: 8
 Concurrent Workers: 2
 Concurrent Refinement Workers: 8
 Periodic GC: Disabled
Heap:
 garbage-first heap   total 135168K, used 85500K [0x0000000600000000, 0x0000000800000000)
  region size 4096K, 5 young (20480K), 2 survivors (8192K)
 Metaspace       used 77746K, committed 80000K, reserved 1179648K
  class space    used 11153K, committed 12288K, reserved 1048576K
GC Heap History (20 events):
Event: 7.200 GC heap before
{Heap before GC invocations=11 (full 0):
 garbage-first heap   total 110592K, used 90851K [0x0000000600000000, 0x0000000800000000)
  region size 4096K, 15 young (61440K), 2 survivors (8192K)
 Metaspace       used 44279K, committed 45888K, reserved 1114112K
  class space    used 6323K, committed 7104K, reserved 1048576K
}
Event: 7.208 GC heap after
{Heap after GC invocations=12 (full 0):
 garbage-first heap   total 110592K, used 40910K [0x0000000600000000, 0x0000000800000000)
  region size 4096K, 1 young (4096K), 1 survivors (4096K)
 Metaspace       used 44279K, committed 45888K, reserved 1114112K
  class space    used 6323K, committed 7104K, reserved 1048576K
}
Event: 7.942 GC heap before
{Heap before GC invocations=12 (full 0):
 garbage-first heap   total 110592K, used 90062K [0x0000000600000000, 0x0000000800000000)
  region size 4096K, 14 young (57344K), 1 survivors (4096K)
 Metaspace       used 47581K, committed 49344K, reserved 1114112K
  class space    used 6859K, committed 7744K, reserved 1048576K
}
Event: 7.948 GC heap after
{Heap after GC invocations=13 (full 0):
 garbage-first heap   total 135168K, used 43960K [0x0000000600000000, 0x0000000800000000)
  region size 4096K, 2 young (8192K), 2 survivors (8192K)
 Metaspace       used 47581K, committed 49344K, reserved 1114112K
  class space    used 6859K, committed 7744K, reserved 1048576K
}
Event: 9.085 GC heap before
{Heap before GC invocations=13 (full 0):
 garbage-first heap   total 135168K, used 109496K [0x0000000600000000, 0x0000000800000000)
  region size 4096K, 18 young (73728K), 2 survivors (8192K)
 Metaspace       used 52734K, committed 54528K, reserved 1114112K
  class space    used 7535K, committed 8448K, reserved 1048576K
}
Event: 9.092 GC heap after
{Heap after GC invocations=14 (full 0):
 garbage-first heap   total 135168K, used 48197K [0x0000000600000000, 0x0000000800000000)
  region size 4096K, 3 young (12288K), 3 survivors (12288K)
 Metaspace       used 52734K, committed 54528K, reserved 1114112K
  class space    used 7535K, committed 8448K, reserved 1048576K
}
Event: 9.921 GC heap before
{Heap before GC invocations=14 (full 0):
 garbage-first heap   total 135168K, used 105541K [0x0000000600000000, 0x0000000800000000)
  region size 4096K, 17 young (69632K), 3 survivors (12288K)
 Metaspace       used 56645K, committed 58560K, reserved 1114112K
  class space    used 8189K, committed 9152K, reserved 1048576K
}
Event: 9.928 GC heap after
{Heap after GC invocations=15 (full 0):
 garbage-first heap   total 135168K, used 53070K [0x0000000600000000, 0x0000000800000000)
  region size 4096K, 3 young (12288K), 3 survivors (12288K)
 Metaspace       used 56645K, committed 58560K, reserved 1114112K
  class space    used 8189K, committed 9152K, reserved 1048576K
}
Event: 10.435 GC heap before
{Heap before GC invocations=15 (full 0):
 garbage-first heap   total 135168K, used 85838K [0x0000000600000000, 0x0000000800000000)
  region size 4096K, 10 young (40960K), 3 survivors (12288K)
 Metaspace       used 59752K, committed 61760K, reserved 1114112K
  class space    used 8578K, committed 9600K, reserved 1048576K
}
Event: 10.441 GC heap after
{Heap after GC invocations=16 (full 0):
 garbage-first heap   total 135168K, used 64725K [0x0000000600000000, 0x0000000800000000)
  region size 4096K, 1 young (4096K), 1 survivors (4096K)
 Metaspace       used 59752K, committed 61760K, reserved 1114112K
  class space    used 8578K, committed 9600K, reserved 1048576K
}
Event: 11.230 GC heap before
{Heap before GC invocations=17 (full 0):
 garbage-first heap   total 135168K, used 117973K [0x0000000600000000, 0x0000000800000000)
  region size 4096K, 14 young (57344K), 1 survivors (4096K)
 Metaspace       used 64676K, committed 66752K, reserved 1114112K
  class space    used 9230K, committed 10304K, reserved 1048576K
}
Event: 11.233 GC heap after
{Heap after GC invocations=18 (full 0):
 garbage-first heap   total 135168K, used 66508K [0x0000000600000000, 0x0000000800000000)
  region size 4096K, 2 young (8192K), 2 survivors (8192K)
 Metaspace       used 64676K, committed 66752K, reserved 1114112K
  class space    used 9230K, committed 10304K, reserved 1048576K
}
Event: 11.798 GC heap before
{Heap before GC invocations=18 (full 0):
 garbage-first heap   total 135168K, used 111564K [0x0000000600000000, 0x0000000800000000)
  region size 4096K, 13 young (53248K), 2 survivors (8192K)
 Metaspace       used 67663K, committed 69696K, reserved 1114112K
  class space    used 9628K, committed 10688K, reserved 1048576K
}
Event: 11.804 GC heap after
{Heap after GC invocations=19 (full 0):
 garbage-first heap   total 135168K, used 67478K [0x0000000600000000, 0x0000000800000000)
  region size 4096K, 2 young (8192K), 2 survivors (8192K)
 Metaspace       used 67663K, committed 69696K, reserved 1114112K
  class space    used 9628K, committed 10688K, reserved 1048576K
}
Event: 12.338 GC heap before
{Heap before GC invocations=19 (full 0):
 garbage-first heap   total 135168K, used 108438K [0x0000000600000000, 0x0000000800000000)
  region size 4096K, 12 young (49152K), 2 survivors (8192K)
 Metaspace       used 69802K, committed 71872K, reserved 1114112K
  class space    used 9927K, committed 11008K, reserved 1048576K
}
Event: 12.348 GC heap after
{Heap after GC invocations=20 (full 0):
 garbage-first heap   total 135168K, used 71674K [0x0000000600000000, 0x0000000800000000)
  region size 4096K, 2 young (8192K), 2 survivors (8192K)
 Metaspace       used 69802K, committed 71872K, reserved 1114112K
  class space    used 9927K, committed 11008K, reserved 1048576K
}
Event: 12.971 GC heap before
{Heap before GC invocations=21 (full 0):
 garbage-first heap   total 135168K, used 112634K [0x0000000600000000, 0x0000000800000000)
  region size 4096K, 12 young (49152K), 2 survivors (8192K)
 Metaspace       used 73048K, committed 75200K, reserved 1114112K
  class space    used 10507K, committed 11584K, reserved 1048576K
}
Event: 12.981 GC heap after
{Heap after GC invocations=22 (full 0):
 garbage-first heap   total 135168K, used 75939K [0x0000000600000000, 0x0000000800000000)
  region size 4096K, 2 young (8192K), 2 survivors (8192K)
 Metaspace       used 73048K, committed 75200K, reserved 1114112K
  class space    used 10507K, committed 11584K, reserved 1048576K
}
Event: 13.586 GC heap before
{Heap before GC invocations=22 (full 0):
 garbage-first heap   total 135168K, used 108707K [0x0000000600000000, 0x0000000800000000)
  region size 4096K, 11 young (45056K), 2 survivors (8192K)
 Metaspace       used 76079K, committed 78208K, reserved 1179648K
  class space    used 10890K, committed 11968K, reserved 1048576K
}
Event: 13.596 GC heap after
{Heap after GC invocations=23 (full 0):
 garbage-first heap   total 135168K, used 77308K [0x0000000600000000, 0x0000000800000000)
  region size 4096K, 2 young (8192K), 2 survivors (8192K)
 Metaspace       used 76079K, committed 78208K, reserved 1179648K
  class space    used 10890K, committed 11968K, reserved 1048576K
}

