# JRE version: Java(TM) SE Runtime Environment (23.0.2+7) (build 23.0.2+7-58)
# Java VM: Java HotSpot(TM) 64-Bit Server VM (23.0.2+7-58, mixed mode, sharing, tiered, compressed oops, compressed class ptrs, g1 gc, windows-amd64)
GC Precious Log:
 CardTable entry size: 512
 Card Set container configuration: InlinePtr #cards 4 size 8 Array Of Cards #cards 32 size 80 Howl #buckets 8 coarsen threshold 7372 Howl Bitmap #cards 1024 size 144 coarsen threshold 921 Card regions per heap region 1 cards per card region 8192
 CPUs: 8 total, 8 available
 Memory: 7975M
 Large Page Support: Disabled
 NUMA Support: Disabled
 Compressed Oops: Enabled (Zero based)
 Heap Region Size: 4M
 Heap Min Capacity: 8M
 Heap Initial Capacity: 128M
 Heap Max Capacity: 8G
 Pre-touch: Disabled
 Parallel Workers: 8
 Concurrent Workers: 2
 Concurrent Refinement Workers: 8
 Periodic GC: Disabled
Heap:
 garbage-first heap   total reserved 8388608K, committed 147456K, used 109274K [0x0000000600000000, 0x0000000800000000)
  region size 4096K, 11 young (45056K), 2 survivors (8192K)
 Metaspace       used 77905K, committed 80128K, reserved 1179648K
  class space    used 11493K, committed 12544K, reserved 1048576K
GC Heap History (20 events):
Event: 8.360 GC heap before
{Heap before GC invocations=14 (full 0):
 garbage-first heap   total reserved 8388608K, committed 98304K, used 76241K [0x0000000600000000, 0x0000000800000000)
  region size 4096K, 10 young (40960K), 2 survivors (8192K)
 Metaspace       used 50398K, committed 52160K, reserved 1114112K
  class space    used 7410K, committed 8256K, reserved 1048576K
}
Event: 8.365 GC heap after
{Heap after GC invocations=15 (full 0):
 garbage-first heap   total reserved 8388608K, committed 98304K, used 45025K [0x0000000600000000, 0x0000000800000000)
  region size 4096K, 1 young (4096K), 1 survivors (4096K)
 Metaspace       used 50398K, committed 52160K, reserved 1114112K
  class space    used 7410K, committed 8256K, reserved 1048576K
}
Event: 8.878 GC heap before
{Heap before GC invocations=15 (full 0):
 garbage-first heap   total reserved 8388608K, committed 98304K, used 85985K [0x0000000600000000, 0x0000000800000000)
  region size 4096K, 11 young (45056K), 1 survivors (4096K)
 Metaspace       used 52586K, committed 54336K, reserved 1114112K
  class space    used 7766K, committed 8640K, reserved 1048576K
}
Event: 8.884 GC heap after
{Heap after GC invocations=16 (full 0):
 garbage-first heap   total reserved 8388608K, committed 118784K, used 49415K [0x0000000600000000, 0x0000000800000000)
  region size 4096K, 2 young (8192K), 2 survivors (8192K)
 Metaspace       used 52586K, committed 54336K, reserved 1114112K
  class space    used 7766K, committed 8640K, reserved 1048576K
}
Event: 9.620 GC heap before
{Heap before GC invocations=16 (full 0):
 garbage-first heap   total reserved 8388608K, committed 118784K, used 98567K [0x0000000600000000, 0x0000000800000000)
  region size 4096K, 14 young (57344K), 2 survivors (8192K)
 Metaspace       used 56938K, committed 58880K, reserved 1114112K
  class space    used 8453K, committed 9408K, reserved 1048576K
}
Event: 9.627 GC heap after
{Heap after GC invocations=17 (full 0):
 garbage-first heap   total reserved 8388608K, committed 118784K, used 51903K [0x0000000600000000, 0x0000000800000000)
  region size 4096K, 2 young (8192K), 2 survivors (8192K)
 Metaspace       used 56938K, committed 58880K, reserved 1114112K
  class space    used 8453K, committed 9408K, reserved 1048576K
}
Event: 9.925 GC heap before
{Heap before GC invocations=17 (full 0):
 garbage-first heap   total reserved 8388608K, committed 118784K, used 68287K [0x0000000600000000, 0x0000000800000000)
  region size 4096K, 8 young (32768K), 2 survivors (8192K)
 Metaspace       used 59098K, committed 61120K, reserved 1114112K
  class space    used 8734K, committed 9728K, reserved 1048576K
}
Event: 9.929 GC heap after
{Heap after GC invocations=18 (full 0):
 garbage-first heap   total reserved 8388608K, committed 118784K, used 55511K [0x0000000600000000, 0x0000000800000000)
  region size 4096K, 2 young (8192K), 2 survivors (8192K)
 Metaspace       used 59098K, committed 61120K, reserved 1114112K
  class space    used 8734K, committed 9728K, reserved 1048576K
}
Event: 10.574 GC heap before
{Heap before GC invocations=19 (full 0):
 garbage-first heap   total reserved 8388608K, committed 118784K, used 108759K [0x0000000600000000, 0x0000000800000000)
  region size 4096K, 13 young (53248K), 2 survivors (8192K)
 Metaspace       used 63235K, committed 65216K, reserved 1114112K
  class space    used 9317K, committed 10240K, reserved 1048576K
}
Event: 10.579 GC heap after
{Heap after GC invocations=20 (full 0):
 garbage-first heap   total reserved 8388608K, committed 122880K, used 66501K [0x0000000600000000, 0x0000000800000000)
  region size 4096K, 2 young (8192K), 2 survivors (8192K)
 Metaspace       used 63235K, committed 65216K, reserved 1114112K
  class space    used 9317K, committed 10240K, reserved 1048576K
}
Event: 11.090 GC heap before
{Heap before GC invocations=20 (full 0):
 garbage-first heap   total reserved 8388608K, committed 122880K, used 103365K [0x0000000600000000, 0x0000000800000000)
  region size 4096K, 11 young (45056K), 2 survivors (8192K)
 Metaspace       used 66186K, committed 68160K, reserved 1114112K
  class space    used 9699K, committed 10624K, reserved 1048576K
}
Event: 11.095 GC heap after
{Heap after GC invocations=21 (full 0):
 garbage-first heap   total reserved 8388608K, committed 122880K, used 67911K [0x0000000600000000, 0x0000000800000000)
  region size 4096K, 2 young (8192K), 2 survivors (8192K)
 Metaspace       used 66186K, committed 68160K, reserved 1114112K
  class space    used 9699K, committed 10624K, reserved 1048576K
}
Event: 11.489 GC heap before
{Heap before GC invocations=21 (full 0):
 garbage-first heap   total reserved 8388608K, committed 122880K, used 100679K [0x0000000600000000, 0x0000000800000000)
  region size 4096K, 10 young (40960K), 2 survivors (8192K)
 Metaspace       used 68238K, committed 70272K, reserved 1114112K
  class space    used 9988K, committed 10944K, reserved 1048576K
}
Event: 11.493 GC heap after
{Heap after GC invocations=22 (full 0):
 garbage-first heap   total reserved 8388608K, committed 122880K, used 69029K [0x0000000600000000, 0x0000000800000000)
  region size 4096K, 1 young (4096K), 1 survivors (4096K)
 Metaspace       used 68238K, committed 70272K, reserved 1114112K
  class space    used 9988K, committed 10944K, reserved 1048576K
}
Event: 11.867 GC heap before
{Heap before GC invocations=23 (full 0):
 garbage-first heap   total reserved 8388608K, committed 122880K, used 105893K [0x0000000600000000, 0x0000000800000000)
  region size 4096K, 10 young (40960K), 1 survivors (4096K)
 Metaspace       used 69940K, committed 71936K, reserved 1114112K
  class space    used 10242K, committed 11200K, reserved 1048576K
}
Event: 11.872 GC heap after
{Heap after GC invocations=24 (full 0):
 garbage-first heap   total reserved 8388608K, committed 122880K, used 72960K [0x0000000600000000, 0x0000000800000000)
  region size 4096K, 2 young (8192K), 2 survivors (8192K)
 Metaspace       used 69940K, committed 71936K, reserved 1114112K
  class space    used 10242K, committed 11200K, reserved 1048576K
}
Event: 12.318 GC heap before
{Heap before GC invocations=24 (full 0):
 garbage-first heap   total reserved 8388608K, committed 122880K, used 101632K [0x0000000600000000, 0x0000000800000000)
  region size 4096K, 9 young (36864K), 2 survivors (8192K)
 Metaspace       used 71963K, committed 74048K, reserved 1114112K
  class space    used 10576K, committed 11584K, reserved 1048576K
}
Event: 12.325 GC heap after
{Heap after GC invocations=25 (full 0):
 garbage-first heap   total reserved 8388608K, committed 122880K, used 74659K [0x0000000600000000, 0x0000000800000000)
  region size 4096K, 2 young (8192K), 2 survivors (8192K)
 Metaspace       used 71963K, committed 74048K, reserved 1114112K
  class space    used 10576K, committed 11584K, reserved 1048576K
}
Event: 12.732 GC heap before
{Heap before GC invocations=25 (full 0):
 garbage-first heap   total reserved 8388608K, committed 122880K, used 99235K [0x0000000600000000, 0x0000000800000000)
  region size 4096K, 9 young (36864K), 2 survivors (8192K)
 Metaspace       used 74270K, committed 76416K, reserved 1114112K
  class space    used 11017K, committed 12032K, reserved 1048576K
}
Event: 12.738 GC heap after
{Heap after GC invocations=26 (full 0):
 garbage-first heap   total reserved 8388608K, committed 147456K, used 76506K [0x0000000600000000, 0x0000000800000000)
  region size 4096K, 2 young (8192K), 2 survivors (8192K)
 Metaspace       used 74270K, committed 76416K, reserved 1114112K
  class space    used 11017K, committed 12032K, reserved 1048576K
}

