# JRE version: OpenJDK Runtime Environment Temurin-21.0.5+11 (21.0.5+11) (build 21.0.5+11-LTS)
# Java VM: OpenJDK 64-Bit Server VM Temurin-21.0.5+11 (21.0.5+11-LTS, mixed mode, sharing, tiered, compressed oops, compressed class ptrs, g1 gc, windows-amd64)
GC Precious Log:
 CardTable entry size: 512
 Card Set container configuration: InlinePtr #cards 5 size 8 Array Of Cards #cards 12 size 40 Howl #buckets 4 coarsen threshold 1843 Howl Bitmap #cards 512 size 80 coarsen threshold 460 Card regions per heap region 1 cards per card region 2048
 CPUs: 8 total, 8 available
 Memory: 7975M
 Large Page Support: Disabled
 NUMA Support: Disabled
 Compressed Oops: Enabled (32-bit)
 Heap Region Size: 1M
 Heap Min Capacity: 8M
 Heap Initial Capacity: 126M
 Heap Max Capacity: 1994M
 Pre-touch: Disabled
 Parallel Workers: 8
 Concurrent Workers: 2
 Concurrent Refinement Workers: 8
 Periodic GC: Disabled
Heap:
 garbage-first heap   total 99328K, used 70790K [0x0000000083600000, 0x0000000100000000)
  region size 1024K, 31 young (31744K), 3 survivors (3072K)
 Metaspace       used 36200K, committed 36992K, reserved 1114112K
  class space    used 4545K, committed 4928K, reserved 1048576K
GC Heap History (12 events):
Event: 0.901 GC heap before
{Heap before GC invocations=0 (full 0):
 garbage-first heap   total 129024K, used 27648K [0x0000000083600000, 0x0000000100000000)
  region size 1024K, 23 young (23552K), 0 survivors (0K)
 Metaspace       used 7034K, committed 7232K, reserved 1114112K
  class space    used 741K, committed 832K, reserved 1048576K
}
Event: 0.905 GC heap after
{Heap after GC invocations=1 (full 0):
 garbage-first heap   total 129024K, used 7168K [0x0000000083600000, 0x0000000100000000)
  region size 1024K, 3 young (3072K), 3 survivors (3072K)
 Metaspace       used 7034K, committed 7232K, reserved 1114112K
  class space    used 741K, committed 832K, reserved 1048576K
}
Event: 1.632 GC heap before
{Heap before GC invocations=1 (full 0):
 garbage-first heap   total 129024K, used 47104K [0x0000000083600000, 0x0000000100000000)
  region size 1024K, 36 young (36864K), 3 survivors (3072K)
 Metaspace       used 17257K, committed 17664K, reserved 1114112K
  class space    used 2245K, committed 2432K, reserved 1048576K
}
Event: 1.643 GC heap after
{Heap after GC invocations=2 (full 0):
 garbage-first heap   total 129024K, used 17472K [0x0000000083600000, 0x0000000100000000)
  region size 1024K, 3 young (3072K), 3 survivors (3072K)
 Metaspace       used 17257K, committed 17664K, reserved 1114112K
  class space    used 2245K, committed 2432K, reserved 1048576K
}
Event: 2.294 GC heap before
{Heap before GC invocations=2 (full 0):
 garbage-first heap   total 129024K, used 80960K [0x0000000083600000, 0x0000000100000000)
  region size 1024K, 65 young (66560K), 3 survivors (3072K)
 Metaspace       used 21232K, committed 21504K, reserved 1114112K
  class space    used 2864K, committed 3008K, reserved 1048576K
}
Event: 2.319 GC heap after
{Heap after GC invocations=3 (full 0):
 garbage-first heap   total 129024K, used 24576K [0x0000000083600000, 0x0000000100000000)
  region size 1024K, 10 young (10240K), 10 survivors (10240K)
 Metaspace       used 21232K, committed 21504K, reserved 1114112K
  class space    used 2864K, committed 3008K, reserved 1048576K
}
Event: 3.300 GC heap before
{Heap before GC invocations=4 (full 0):
 garbage-first heap   total 81920K, used 81920K [0x0000000083600000, 0x0000000100000000)
  region size 1024K, 57 young (58368K), 10 survivors (10240K)
 Metaspace       used 29751K, committed 30336K, reserved 1114112K
  class space    used 3741K, committed 4032K, reserved 1048576K
}
Event: 3.324 GC heap after
{Heap after GC invocations=5 (full 0):
 garbage-first heap   total 99328K, used 39372K [0x0000000083600000, 0x0000000100000000)
  region size 1024K, 7 young (7168K), 7 survivors (7168K)
 Metaspace       used 29751K, committed 30336K, reserved 1114112K
  class space    used 3741K, committed 4032K, reserved 1048576K
}
Event: 3.850 GC heap before
{Heap before GC invocations=5 (full 0):
 garbage-first heap   total 99328K, used 68044K [0x0000000083600000, 0x0000000100000000)
  region size 1024K, 36 young (36864K), 7 survivors (7168K)
 Metaspace       used 35387K, committed 36160K, reserved 1114112K
  class space    used 4467K, committed 4864K, reserved 1048576K
}
Event: 3.869 GC heap after
{Heap after GC invocations=6 (full 0):
 garbage-first heap   total 99328K, used 42496K [0x0000000083600000, 0x0000000100000000)
  region size 1024K, 3 young (3072K), 3 survivors (3072K)
 Metaspace       used 35387K, committed 36160K, reserved 1114112K
  class space    used 4467K, committed 4864K, reserved 1048576K
}
Event: 3.894 GC heap before
{Heap before GC invocations=6 (full 0):
 garbage-first heap   total 99328K, used 43520K [0x0000000083600000, 0x0000000100000000)
  region size 1024K, 5 young (5120K), 3 survivors (3072K)
 Metaspace       used 35669K, committed 36480K, reserved 1114112K
  class space    used 4493K, committed 4928K, reserved 1048576K
}
Event: 3.898 GC heap after
{Heap after GC invocations=7 (full 0):
 garbage-first heap   total 99328K, used 42118K [0x0000000083600000, 0x0000000100000000)
  region size 1024K, 3 young (3072K), 3 survivors (3072K)
 Metaspace       used 35669K, committed 36480K, reserved 1114112K
  class space    used 4493K, committed 4928K, reserved 1048576K
}

