# JRE version: Java(TM) SE Runtime Environment (23.0.2+7) (build 23.0.2+7-58)
# Java VM: Java HotSpot(TM) 64-Bit Server VM (23.0.2+7-58, mixed mode, sharing, tiered, compressed oops, compressed class ptrs, g1 gc, windows-amd64)
GC Precious Log:
 CardTable entry size: 512
 Card Set container configuration: InlinePtr #cards 4 size 8 Array Of Cards #cards 32 size 80 Howl #buckets 8 coarsen threshold 7372 Howl Bitmap #cards 1024 size 144 coarsen threshold 921 Card regions per heap region 1 cards per card region 8192
 CPUs: 8 total, 8 available
 Memory: 7975M
 Large Page Support: Disabled
 NUMA Support: Disabled
 Compressed Oops: Enabled (Zero based)
 Heap Region Size: 4M
 Heap Min Capacity: 8M
 Heap Initial Capacity: 128M
 Heap Max Capacity: 8G
 Pre-touch: Disabled
 Parallel Workers: 8
 Concurrent Workers: 2
 Concurrent Refinement Workers: 8
 Periodic GC: Disabled
Heap:
 garbage-first heap   total reserved 8388608K, committed 159744K, used 106638K [0x0000000600000000, 0x0000000800000000)
  region size 4096K, 10 young (40960K), 2 survivors (8192K)
 Metaspace       used 77858K, committed 80128K, reserved 1179648K
  class space    used 11491K, committed 12544K, reserved 1048576K
GC Heap History (20 events):
Event: 8.172 GC heap before
{Heap before GC invocations=13 (full 0):
 garbage-first heap   total reserved 8388608K, committed 98304K, used 78088K [0x0000000600000000, 0x0000000800000000)
  region size 4096K, 11 young (45056K), 2 survivors (8192K)
 Metaspace       used 46914K, committed 48640K, reserved 1114112K
  class space    used 6950K, committed 7744K, reserved 1048576K
}
Event: 8.177 GC heap after
{Heap after GC invocations=14 (full 0):
 garbage-first heap   total reserved 8388608K, committed 118784K, used 43635K [0x0000000600000000, 0x0000000800000000)
  region size 4096K, 2 young (8192K), 2 survivors (8192K)
 Metaspace       used 46914K, committed 48640K, reserved 1114112K
  class space    used 6950K, committed 7744K, reserved 1048576K
}
Event: 8.979 GC heap before
{Heap before GC invocations=14 (full 0):
 garbage-first heap   total reserved 8388608K, committed 118784K, used 96883K [0x0000000600000000, 0x0000000800000000)
  region size 4096K, 15 young (61440K), 2 survivors (8192K)
 Metaspace       used 52009K, committed 53824K, reserved 1114112K
  class space    used 7698K, committed 8576K, reserved 1048576K
}
Event: 8.985 GC heap after
{Heap after GC invocations=15 (full 0):
 garbage-first heap   total reserved 8388608K, committed 118784K, used 46948K [0x0000000600000000, 0x0000000800000000)
  region size 4096K, 2 young (8192K), 2 survivors (8192K)
 Metaspace       used 52009K, committed 53824K, reserved 1114112K
  class space    used 7698K, committed 8576K, reserved 1048576K
}
Event: 9.478 GC heap before
{Heap before GC invocations=15 (full 0):
 garbage-first heap   total reserved 8388608K, committed 118784K, used 96100K [0x0000000600000000, 0x0000000800000000)
  region size 4096K, 14 young (57344K), 2 survivors (8192K)
 Metaspace       used 55061K, committed 56960K, reserved 1114112K
  class space    used 8120K, committed 9024K, reserved 1048576K
}
Event: 9.484 GC heap after
{Heap after GC invocations=16 (full 0):
 garbage-first heap   total reserved 8388608K, committed 118784K, used 51328K [0x0000000600000000, 0x0000000800000000)
  region size 4096K, 2 young (8192K), 2 survivors (8192K)
 Metaspace       used 55061K, committed 56960K, reserved 1114112K
  class space    used 8120K, committed 9024K, reserved 1048576K
}
Event: 10.157 GC heap before
{Heap before GC invocations=16 (full 0):
 garbage-first heap   total reserved 8388608K, committed 118784K, used 88192K [0x0000000600000000, 0x0000000800000000)
  region size 4096K, 13 young (53248K), 2 survivors (8192K)
 Metaspace       used 59516K, committed 61440K, reserved 1114112K
  class space    used 8789K, committed 9728K, reserved 1048576K
}
Event: 10.163 GC heap after
{Heap after GC invocations=17 (full 0):
 garbage-first heap   total reserved 8388608K, committed 118784K, used 55633K [0x0000000600000000, 0x0000000800000000)
  region size 4096K, 2 young (8192K), 2 survivors (8192K)
 Metaspace       used 59516K, committed 61440K, reserved 1114112K
  class space    used 8789K, committed 9728K, reserved 1048576K
}
Event: 10.879 GC heap before
{Heap before GC invocations=18 (full 0):
 garbage-first heap   total reserved 8388608K, committed 118784K, used 108881K [0x0000000600000000, 0x0000000800000000)
  region size 4096K, 13 young (53248K), 2 survivors (8192K)
 Metaspace       used 63535K, committed 65536K, reserved 1114112K
  class space    used 9368K, committed 10304K, reserved 1048576K
}
Event: 10.884 GC heap after
{Heap after GC invocations=19 (full 0):
 garbage-first heap   total reserved 8388608K, committed 122880K, used 67519K [0x0000000600000000, 0x0000000800000000)
  region size 4096K, 1 young (4096K), 1 survivors (4096K)
 Metaspace       used 63535K, committed 65536K, reserved 1114112K
  class space    used 9368K, committed 10304K, reserved 1048576K
}
Event: 11.272 GC heap before
{Heap before GC invocations=19 (full 0):
 garbage-first heap   total reserved 8388608K, committed 122880K, used 108479K [0x0000000600000000, 0x0000000800000000)
  region size 4096K, 11 young (45056K), 1 survivors (4096K)
 Metaspace       used 66580K, committed 68544K, reserved 1114112K
  class space    used 9762K, committed 10688K, reserved 1048576K
}
Event: 11.277 GC heap after
{Heap after GC invocations=20 (full 0):
 garbage-first heap   total reserved 8388608K, committed 122880K, used 68563K [0x0000000600000000, 0x0000000800000000)
  region size 4096K, 2 young (8192K), 2 survivors (8192K)
 Metaspace       used 66580K, committed 68544K, reserved 1114112K
  class space    used 9762K, committed 10688K, reserved 1048576K
}
Event: 11.618 GC heap before
{Heap before GC invocations=20 (full 0):
 garbage-first heap   total reserved 8388608K, committed 122880K, used 101331K [0x0000000600000000, 0x0000000800000000)
  region size 4096K, 10 young (40960K), 2 survivors (8192K)
 Metaspace       used 68368K, committed 70400K, reserved 1114112K
  class space    used 10019K, committed 10944K, reserved 1048576K
}
Event: 11.625 GC heap after
{Heap after GC invocations=21 (full 0):
 garbage-first heap   total reserved 8388608K, committed 122880K, used 72264K [0x0000000600000000, 0x0000000800000000)
  region size 4096K, 2 young (8192K), 2 survivors (8192K)
 Metaspace       used 68368K, committed 70400K, reserved 1114112K
  class space    used 10019K, committed 10944K, reserved 1048576K
}
Event: 11.995 GC heap before
{Heap before GC invocations=22 (full 0):
 garbage-first heap   total reserved 8388608K, committed 131072K, used 96840K [0x0000000600000000, 0x0000000800000000)
  region size 4096K, 8 young (32768K), 2 survivors (8192K)
 Metaspace       used 69521K, committed 71552K, reserved 1114112K
  class space    used 10187K, committed 11200K, reserved 1048576K
}
Event: 11.999 GC heap after
{Heap after GC invocations=23 (full 0):
 garbage-first heap   total reserved 8388608K, committed 131072K, used 73525K [0x0000000600000000, 0x0000000800000000)
  region size 4096K, 1 young (4096K), 1 survivors (4096K)
 Metaspace       used 69521K, committed 71552K, reserved 1114112K
  class space    used 10187K, committed 11200K, reserved 1048576K
}
Event: 12.547 GC heap before
{Heap before GC invocations=23 (full 0):
 garbage-first heap   total reserved 8388608K, committed 131072K, used 110389K [0x0000000600000000, 0x0000000800000000)
  region size 4096K, 10 young (40960K), 1 survivors (4096K)
 Metaspace       used 72152K, committed 74304K, reserved 1114112K
  class space    used 10619K, committed 11648K, reserved 1048576K
}
Event: 12.553 GC heap after
{Heap after GC invocations=24 (full 0):
 garbage-first heap   total reserved 8388608K, committed 131072K, used 75048K [0x0000000600000000, 0x0000000800000000)
  region size 4096K, 2 young (8192K), 2 survivors (8192K)
 Metaspace       used 72152K, committed 74304K, reserved 1114112K
  class space    used 10619K, committed 11648K, reserved 1048576K
}
Event: 13.017 GC heap before
{Heap before GC invocations=24 (full 0):
 garbage-first heap   total reserved 8388608K, committed 131072K, used 107816K [0x0000000600000000, 0x0000000800000000)
  region size 4096K, 10 young (40960K), 2 survivors (8192K)
 Metaspace       used 74633K, committed 76800K, reserved 1114112K
  class space    used 11069K, committed 12096K, reserved 1048576K
}
Event: 13.025 GC heap after
{Heap after GC invocations=25 (full 0):
 garbage-first heap   total reserved 8388608K, committed 159744K, used 77966K [0x0000000600000000, 0x0000000800000000)
  region size 4096K, 2 young (8192K), 2 survivors (8192K)
 Metaspace       used 74633K, committed 76800K, reserved 1114112K
  class space    used 11069K, committed 12096K, reserved 1048576K
}

