# JRE version: Java(TM) SE Runtime Environment (17.0.12+8) (build 17.0.12+8-LTS-286)
# Java VM: Java HotSpot(TM) 64-Bit Server VM (17.0.12+8-LTS-286, mixed mode, sharing, tiered, compressed oops, compressed class ptrs, g1 gc, windows-amd64)
GC Precious Log:
 CPUs: 8 total, 8 available
 Memory: 7975M
 Large Page Support: Disabled
 NUMA Support: Disabled
 Compressed Oops: Enabled (Zero based)
 Heap Region Size: 4M
 Heap Min Capacity: 8M
 Heap Initial Capacity: 128M
 Heap Max Capacity: 8G
 Pre-touch: Disabled
 Parallel Workers: 8
 Concurrent Workers: 2
 Concurrent Refinement Workers: 8
 Periodic GC: Disabled
Heap:
 garbage-first heap   total 307200K, used 161356K [0x0000000600000000, 0x0000000800000000)
  region size 4096K, 2 young (8192K), 2 survivors (8192K)
 Metaspace       used 133825K, committed 134848K, reserved 1179648K
  class space    used 17379K, committed 17920K, reserved 1048576K
GC Heap History (20 events):
Event: 22.918 GC heap after
{Heap after GC invocations=46 (full 0):
 garbage-first heap   total 233472K, used 127557K [0x0000000600000000, 0x0000000800000000)
  region size 4096K, 1 young (4096K), 1 survivors (4096K)
 Metaspace       used 115160K, committed 115904K, reserved 1179648K
  class space    used 15123K, committed 15488K, reserved 1048576K
}
Event: 24.588 GC heap before
{Heap before GC invocations=47 (full 0):
 garbage-first heap   total 233472K, used 188997K [0x0000000600000000, 0x0000000800000000)
  region size 4096K, 16 young (65536K), 1 survivors (4096K)
 Metaspace       used 122698K, committed 123456K, reserved 1179648K
  class space    used 15860K, committed 16192K, reserved 1048576K
}
Event: 24.593 GC heap after
{Heap after GC invocations=48 (full 0):
 garbage-first heap   total 233472K, used 128815K [0x0000000600000000, 0x0000000800000000)
  region size 4096K, 1 young (4096K), 1 survivors (4096K)
 Metaspace       used 122698K, committed 123456K, reserved 1179648K
  class space    used 15860K, committed 16192K, reserved 1048576K
}
Event: 26.358 GC heap before
{Heap before GC invocations=48 (full 0):
 garbage-first heap   total 233472K, used 190255K [0x0000000600000000, 0x0000000800000000)
  region size 4096K, 16 young (65536K), 1 survivors (4096K)
 Metaspace       used 126771K, committed 127680K, reserved 1179648K
  class space    used 16555K, committed 17024K, reserved 1048576K
}
Event: 26.370 GC heap after
{Heap after GC invocations=49 (full 0):
 garbage-first heap   total 233472K, used 124713K [0x0000000600000000, 0x0000000800000000)
  region size 4096K, 2 young (8192K), 2 survivors (8192K)
 Metaspace       used 126771K, committed 127680K, reserved 1179648K
  class space    used 16555K, committed 17024K, reserved 1048576K
}
Event: 41.111 GC heap before
{Heap before GC invocations=50 (full 0):
 garbage-first heap   total 233472K, used 190249K [0x0000000600000000, 0x0000000800000000)
  region size 4096K, 18 young (73728K), 2 survivors (8192K)
 Metaspace       used 132211K, committed 133184K, reserved 1179648K
  class space    used 17318K, committed 17792K, reserved 1048576K
}
Event: 41.120 GC heap after
{Heap after GC invocations=51 (full 0):
 garbage-first heap   total 233472K, used 129959K [0x0000000600000000, 0x0000000800000000)
  region size 4096K, 3 young (12288K), 3 survivors (12288K)
 Metaspace       used 132211K, committed 133184K, reserved 1179648K
  class space    used 17318K, committed 17792K, reserved 1048576K
}
Event: 42.442 GC heap before
{Heap before GC invocations=51 (full 0):
 garbage-first heap   total 233472K, used 183207K [0x0000000600000000, 0x0000000800000000)
  region size 4096K, 17 young (69632K), 3 survivors (12288K)
 Metaspace       used 132832K, committed 133824K, reserved 1179648K
  class space    used 17373K, committed 17856K, reserved 1048576K
}
Event: 42.451 GC heap after
{Heap after GC invocations=52 (full 0):
 garbage-first heap   total 233472K, used 133976K [0x0000000600000000, 0x0000000800000000)
  region size 4096K, 3 young (12288K), 3 survivors (12288K)
 Metaspace       used 132832K, committed 133824K, reserved 1179648K
  class space    used 17373K, committed 17856K, reserved 1048576K
}
Event: 42.725 GC heap before
{Heap before GC invocations=53 (full 0):
 garbage-first heap   total 294912K, used 195416K [0x0000000600000000, 0x0000000800000000)
  region size 4096K, 16 young (65536K), 3 survivors (12288K)
 Metaspace       used 132833K, committed 133824K, reserved 1179648K
  class space    used 17373K, committed 17856K, reserved 1048576K
}
Event: 42.739 GC heap after
{Heap after GC invocations=54 (full 0):
 garbage-first heap   total 294912K, used 148514K [0x0000000600000000, 0x0000000800000000)
  region size 4096K, 2 young (8192K), 2 survivors (8192K)
 Metaspace       used 132833K, committed 133824K, reserved 1179648K
  class space    used 17373K, committed 17856K, reserved 1048576K
}
Event: 42.753 GC heap before
{Heap before GC invocations=54 (full 0):
 garbage-first heap   total 294912K, used 148514K [0x0000000600000000, 0x0000000800000000)
  region size 4096K, 3 young (12288K), 2 survivors (8192K)
 Metaspace       used 132833K, committed 133824K, reserved 1179648K
  class space    used 17373K, committed 17856K, reserved 1048576K
}
Event: 42.763 GC heap after
{Heap after GC invocations=55 (full 0):
 garbage-first heap   total 294912K, used 149616K [0x0000000600000000, 0x0000000800000000)
  region size 4096K, 1 young (4096K), 1 survivors (4096K)
 Metaspace       used 132833K, committed 133824K, reserved 1179648K
  class space    used 17373K, committed 17856K, reserved 1048576K
}
Event: 42.817 GC heap before
{Heap before GC invocations=55 (full 0):
 garbage-first heap   total 294912K, used 157808K [0x0000000600000000, 0x0000000800000000)
  region size 4096K, 4 young (16384K), 1 survivors (4096K)
 Metaspace       used 132856K, committed 133824K, reserved 1179648K
  class space    used 17373K, committed 17856K, reserved 1048576K
}
Event: 42.821 GC heap after
{Heap after GC invocations=56 (full 0):
 garbage-first heap   total 294912K, used 153280K [0x0000000600000000, 0x0000000800000000)
  region size 4096K, 2 young (8192K), 2 survivors (8192K)
 Metaspace       used 132856K, committed 133824K, reserved 1179648K
  class space    used 17373K, committed 17856K, reserved 1048576K
}
Event: 43.225 GC heap before
{Heap before GC invocations=57 (full 0):
 garbage-first heap   total 307200K, used 210624K [0x0000000600000000, 0x0000000800000000)
  region size 4096K, 14 young (57344K), 2 survivors (8192K)
 Metaspace       used 133006K, committed 134016K, reserved 1179648K
  class space    used 17373K, committed 17856K, reserved 1048576K
}
Event: 43.231 GC heap after
{Heap after GC invocations=58 (full 0):
 garbage-first heap   total 307200K, used 166723K [0x0000000600000000, 0x0000000800000000)
  region size 4096K, 2 young (8192K), 2 survivors (8192K)
 Metaspace       used 133006K, committed 134016K, reserved 1179648K
  class space    used 17373K, committed 17856K, reserved 1048576K
}
Event: 43.277 GC heap before
{Heap before GC invocations=58 (full 0):
 garbage-first heap   total 307200K, used 170819K [0x0000000600000000, 0x0000000800000000)
  region size 4096K, 3 young (12288K), 2 survivors (8192K)
 Metaspace       used 133045K, committed 134016K, reserved 1179648K
  class space    used 17373K, committed 17856K, reserved 1048576K
}
Event: 43.283 GC heap after
{Heap after GC invocations=59 (full 0):
 garbage-first heap   total 307200K, used 152433K [0x0000000600000000, 0x0000000800000000)
  region size 4096K, 1 young (4096K), 1 survivors (4096K)
 Metaspace       used 133045K, committed 134016K, reserved 1179648K
  class space    used 17373K, committed 17856K, reserved 1048576K
}
Event: 44.419 GC heap before
{Heap before GC invocations=59 (full 0):
 garbage-first heap   total 307200K, used 213873K [0x0000000600000000, 0x0000000800000000)
  region size 4096K, 16 young (65536K), 1 survivors (4096K)
 Metaspace       used 133825K, committed 134848K, reserved 1179648K
  class space    used 17379K, committed 17920K, reserved 1048576K
}

