# JRE version: OpenJDK Runtime Environment Temurin-21.0.5+11 (21.0.5+11) (build 21.0.5+11-LTS)
# Java VM: OpenJDK 64-Bit Server VM Temurin-21.0.5+11 (21.0.5+11-LTS, mixed mode, sharing, tiered, compressed oops, compressed class ptrs, g1 gc, windows-amd64)
GC Precious Log:
 CardTable entry size: 512
 Card Set container configuration: InlinePtr #cards 5 size 8 Array Of Cards #cards 12 size 40 Howl #buckets 4 coarsen threshold 1843 Howl Bitmap #cards 512 size 80 coarsen threshold 460 Card regions per heap region 1 cards per card region 2048
 CPUs: 8 total, 8 available
 Memory: 7975M
 Large Page Support: Disabled
 NUMA Support: Disabled
 Compressed Oops: Enabled (32-bit)
 Heap Region Size: 1M
 Heap Min Capacity: 8M
 Heap Initial Capacity: 126M
 Heap Max Capacity: 1994M
 Pre-touch: Disabled
 Parallel Workers: 8
 Concurrent Workers: 2
 Concurrent Refinement Workers: 8
 Periodic GC: Disabled
Heap:
 garbage-first heap   total 99328K, used 56306K [0x0000000083600000, 0x0000000100000000)
  region size 1024K, 10 young (10240K), 4 survivors (4096K)
 Metaspace       used 54527K, committed 55360K, reserved 1114112K
  class space    used 6517K, committed 6912K, reserved 1048576K
GC Heap History (16 events):
Event: 0.909 GC heap before
{Heap before GC invocations=0 (full 0):
 garbage-first heap   total 129024K, used 27648K [0x0000000083600000, 0x0000000100000000)
  region size 1024K, 23 young (23552K), 0 survivors (0K)
 Metaspace       used 7071K, committed 7296K, reserved 1114112K
  class space    used 742K, committed 832K, reserved 1048576K
}
Event: 0.913 GC heap after
{Heap after GC invocations=1 (full 0):
 garbage-first heap   total 129024K, used 7210K [0x0000000083600000, 0x0000000100000000)
  region size 1024K, 3 young (3072K), 3 survivors (3072K)
 Metaspace       used 7071K, committed 7296K, reserved 1114112K
  class space    used 742K, committed 832K, reserved 1048576K
}
Event: 3.773 GC heap before
{Heap before GC invocations=1 (full 0):
 garbage-first heap   total 129024K, used 47146K [0x0000000083600000, 0x0000000100000000)
  region size 1024K, 36 young (36864K), 3 survivors (3072K)
 Metaspace       used 17286K, committed 17664K, reserved 1114112K
  class space    used 2246K, committed 2432K, reserved 1048576K
}
Event: 3.780 GC heap after
{Heap after GC invocations=2 (full 0):
 garbage-first heap   total 129024K, used 17358K [0x0000000083600000, 0x0000000100000000)
  region size 1024K, 4 young (4096K), 4 survivors (4096K)
 Metaspace       used 17286K, committed 17664K, reserved 1114112K
  class space    used 2246K, committed 2432K, reserved 1048576K
}
Event: 4.520 GC heap before
{Heap before GC invocations=2 (full 0):
 garbage-first heap   total 129024K, used 79822K [0x0000000083600000, 0x0000000100000000)
  region size 1024K, 65 young (66560K), 4 survivors (4096K)
 Metaspace       used 21216K, committed 21504K, reserved 1114112K
  class space    used 2862K, committed 3008K, reserved 1048576K
}
Event: 4.545 GC heap after
{Heap after GC invocations=3 (full 0):
 garbage-first heap   total 129024K, used 24442K [0x0000000083600000, 0x0000000100000000)
  region size 1024K, 10 young (10240K), 10 survivors (10240K)
 Metaspace       used 21216K, committed 21504K, reserved 1114112K
  class space    used 2862K, committed 3008K, reserved 1048576K
}
Event: 5.417 GC heap before
{Heap before GC invocations=4 (full 0):
 garbage-first heap   total 81920K, used 81786K [0x0000000083600000, 0x0000000100000000)
  region size 1024K, 57 young (58368K), 10 survivors (10240K)
 Metaspace       used 29740K, committed 30144K, reserved 1114112K
  class space    used 3711K, committed 3904K, reserved 1048576K
}
Event: 5.437 GC heap after
{Heap after GC invocations=5 (full 0):
 garbage-first heap   total 99328K, used 39290K [0x0000000083600000, 0x0000000100000000)
  region size 1024K, 7 young (7168K), 7 survivors (7168K)
 Metaspace       used 29740K, committed 30144K, reserved 1114112K
  class space    used 3711K, committed 3904K, reserved 1048576K
}
Event: 6.049 GC heap before
{Heap before GC invocations=5 (full 0):
 garbage-first heap   total 99328K, used 67962K [0x0000000083600000, 0x0000000100000000)
  region size 1024K, 36 young (36864K), 7 survivors (7168K)
 Metaspace       used 35412K, committed 36160K, reserved 1114112K
  class space    used 4459K, committed 4864K, reserved 1048576K
}
Event: 6.058 GC heap after
{Heap after GC invocations=6 (full 0):
 garbage-first heap   total 99328K, used 41850K [0x0000000083600000, 0x0000000100000000)
  region size 1024K, 3 young (3072K), 3 survivors (3072K)
 Metaspace       used 35412K, committed 36160K, reserved 1114112K
  class space    used 4459K, committed 4864K, reserved 1048576K
}
Event: 6.402 GC heap before
{Heap before GC invocations=7 (full 0):
 garbage-first heap   total 99328K, used 81786K [0x0000000083600000, 0x0000000100000000)
  region size 1024K, 41 young (41984K), 3 survivors (3072K)
 Metaspace       used 37244K, committed 38080K, reserved 1114112K
  class space    used 4638K, committed 5056K, reserved 1048576K
}
Event: 6.409 GC heap after
{Heap after GC invocations=8 (full 0):
 garbage-first heap   total 99328K, used 43898K [0x0000000083600000, 0x0000000100000000)
  region size 1024K, 5 young (5120K), 5 survivors (5120K)
 Metaspace       used 37244K, committed 38080K, reserved 1114112K
  class space    used 4638K, committed 5056K, reserved 1048576K
}
Event: 7.620 GC heap before
{Heap before GC invocations=8 (full 0):
 garbage-first heap   total 99328K, used 83834K [0x0000000083600000, 0x0000000100000000)
  region size 1024K, 44 young (45056K), 5 survivors (5120K)
 Metaspace       used 44819K, committed 45632K, reserved 1114112K
  class space    used 5566K, committed 5952K, reserved 1048576K
}
Event: 7.636 GC heap after
{Heap after GC invocations=9 (full 0):
 garbage-first heap   total 99328K, used 47710K [0x0000000083600000, 0x0000000100000000)
  region size 1024K, 6 young (6144K), 6 survivors (6144K)
 Metaspace       used 44819K, committed 45632K, reserved 1114112K
  class space    used 5566K, committed 5952K, reserved 1048576K
}
Event: 9.033 GC heap before
{Heap before GC invocations=9 (full 0):
 garbage-first heap   total 99328K, used 85598K [0x0000000083600000, 0x0000000100000000)
  region size 1024K, 43 young (44032K), 6 survivors (6144K)
 Metaspace       used 53031K, committed 53824K, reserved 1114112K
  class space    used 6405K, committed 6784K, reserved 1048576K
}
Event: 9.047 GC heap after
{Heap after GC invocations=10 (full 0):
 garbage-first heap   total 99328K, used 51186K [0x0000000083600000, 0x0000000100000000)
  region size 1024K, 4 young (4096K), 4 survivors (4096K)
 Metaspace       used 53031K, committed 53824K, reserved 1114112K
  class space    used 6405K, committed 6784K, reserved 1048576K
}

