# JRE version: Java(TM) SE Runtime Environment (23.0.2+7) (build 23.0.2+7-58)
# Java VM: Java HotSpot(TM) 64-Bit Server VM (23.0.2+7-58, mixed mode, sharing, tiered, compressed oops, compressed class ptrs, g1 gc, windows-amd64)
GC Precious Log:
 CardTable entry size: 512
 Card Set container configuration: InlinePtr #cards 4 size 8 Array Of Cards #cards 32 size 80 Howl #buckets 8 coarsen threshold 7372 Howl Bitmap #cards 1024 size 144 coarsen threshold 921 Card regions per heap region 1 cards per card region 8192
 CPUs: 8 total, 8 available
 Memory: 7975M
 Large Page Support: Disabled
 NUMA Support: Disabled
 Compressed Oops: Enabled (Zero based)
 Heap Region Size: 4M
 Heap Min Capacity: 8M
 Heap Initial Capacity: 128M
 Heap Max Capacity: 8G
 Pre-touch: Disabled
 Parallel Workers: 8
 Concurrent Workers: 2
 Concurrent Refinement Workers: 8
 Periodic GC: Disabled
Heap:
 garbage-first heap   total reserved 8388608K, committed 147456K, used 82079K [0x0000000600000000, 0x0000000800000000)
  region size 4096K, 4 young (16384K), 2 survivors (8192K)
 Metaspace       used 75365K, committed 77440K, reserved 1179648K
  class space    used 11155K, committed 12160K, reserved 1048576K
GC Heap History (20 events):
Event: 8.581 GC heap before
{Heap before GC invocations=14 (full 0):
 garbage-first heap   total reserved 8388608K, committed 98304K, used 76514K [0x0000000600000000, 0x0000000800000000)
  region size 4096K, 10 young (40960K), 2 survivors (8192K)
 Metaspace       used 50364K, committed 52224K, reserved 1114112K
  class space    used 7413K, committed 8320K, reserved 1048576K
}
Event: 8.593 GC heap after
{Heap after GC invocations=15 (full 0):
 garbage-first heap   total reserved 8388608K, committed 118784K, used 45018K [0x0000000600000000, 0x0000000800000000)
  region size 4096K, 1 young (4096K), 1 survivors (4096K)
 Metaspace       used 50364K, committed 52224K, reserved 1114112K
  class space    used 7413K, committed 8320K, reserved 1048576K
}
Event: 10.732 GC heap before
{Heap before GC invocations=15 (full 0):
 garbage-first heap   total reserved 8388608K, committed 118784K, used 98266K [0x0000000600000000, 0x0000000800000000)
  region size 4096K, 14 young (57344K), 1 survivors (4096K)
 Metaspace       used 52772K, committed 54592K, reserved 1114112K
  class space    used 7770K, committed 8640K, reserved 1048576K
}
Event: 10.754 GC heap after
{Heap after GC invocations=16 (full 0):
 garbage-first heap   total reserved 8388608K, committed 118784K, used 49989K [0x0000000600000000, 0x0000000800000000)
  region size 4096K, 2 young (8192K), 2 survivors (8192K)
 Metaspace       used 52772K, committed 54592K, reserved 1114112K
  class space    used 7770K, committed 8640K, reserved 1048576K
}
Event: 12.917 GC heap before
{Heap before GC invocations=16 (full 0):
 garbage-first heap   total reserved 8388608K, committed 118784K, used 95045K [0x0000000600000000, 0x0000000800000000)
  region size 4096K, 14 young (57344K), 2 survivors (8192K)
 Metaspace       used 57612K, committed 59584K, reserved 1114112K
  class space    used 8567K, committed 9536K, reserved 1048576K
}
Event: 12.938 GC heap after
{Heap after GC invocations=17 (full 0):
 garbage-first heap   total reserved 8388608K, committed 118784K, used 55829K [0x0000000600000000, 0x0000000800000000)
  region size 4096K, 2 young (8192K), 2 survivors (8192K)
 Metaspace       used 57612K, committed 59584K, reserved 1114112K
  class space    used 8567K, committed 9536K, reserved 1048576K
}
Event: 13.281 GC heap before
{Heap before GC invocations=17 (full 0):
 garbage-first heap   total reserved 8388608K, committed 118784K, used 59925K [0x0000000600000000, 0x0000000800000000)
  region size 4096K, 4 young (16384K), 2 survivors (8192K)
 Metaspace       used 58969K, committed 60928K, reserved 1114112K
  class space    used 8728K, committed 9728K, reserved 1048576K
}
Event: 13.290 GC heap after
{Heap after GC invocations=18 (full 0):
 garbage-first heap   total reserved 8388608K, committed 118784K, used 56619K [0x0000000600000000, 0x0000000800000000)
  region size 4096K, 1 young (4096K), 1 survivors (4096K)
 Metaspace       used 58969K, committed 60928K, reserved 1114112K
  class space    used 8728K, committed 9728K, reserved 1048576K
}
Event: 14.933 GC heap before
{Heap before GC invocations=19 (full 0):
 garbage-first heap   total reserved 8388608K, committed 118784K, used 109867K [0x0000000600000000, 0x0000000800000000)
  region size 4096K, 12 young (49152K), 1 survivors (4096K)
 Metaspace       used 63025K, committed 65024K, reserved 1114112K
  class space    used 9291K, committed 10240K, reserved 1048576K
}
Event: 14.940 GC heap after
{Heap after GC invocations=20 (full 0):
 garbage-first heap   total reserved 8388608K, committed 118784K, used 67008K [0x0000000600000000, 0x0000000800000000)
  region size 4096K, 1 young (4096K), 1 survivors (4096K)
 Metaspace       used 63025K, committed 65024K, reserved 1114112K
  class space    used 9291K, committed 10240K, reserved 1048576K
}
Event: 16.160 GC heap before
{Heap before GC invocations=20 (full 0):
 garbage-first heap   total reserved 8388608K, committed 118784K, used 103872K [0x0000000600000000, 0x0000000800000000)
  region size 4096K, 10 young (40960K), 1 survivors (4096K)
 Metaspace       used 66122K, committed 68096K, reserved 1114112K
  class space    used 9693K, committed 10624K, reserved 1048576K
}
Event: 16.173 GC heap after
{Heap after GC invocations=21 (full 0):
 garbage-first heap   total reserved 8388608K, committed 118784K, used 67992K [0x0000000600000000, 0x0000000800000000)
  region size 4096K, 2 young (8192K), 2 survivors (8192K)
 Metaspace       used 66122K, committed 68096K, reserved 1114112K
  class space    used 9693K, committed 10624K, reserved 1048576K
}
Event: 16.999 GC heap before
{Heap before GC invocations=21 (full 0):
 garbage-first heap   total reserved 8388608K, committed 118784K, used 96664K [0x0000000600000000, 0x0000000800000000)
  region size 4096K, 9 young (36864K), 2 survivors (8192K)
 Metaspace       used 67828K, committed 69760K, reserved 1114112K
  class space    used 9922K, committed 10816K, reserved 1048576K
}
Event: 17.009 GC heap after
{Heap after GC invocations=22 (full 0):
 garbage-first heap   total reserved 8388608K, committed 118784K, used 69050K [0x0000000600000000, 0x0000000800000000)
  region size 4096K, 1 young (4096K), 1 survivors (4096K)
 Metaspace       used 67828K, committed 69760K, reserved 1114112K
  class space    used 9922K, committed 10816K, reserved 1048576K
}
Event: 18.058 GC heap before
{Heap before GC invocations=23 (full 0):
 garbage-first heap   total reserved 8388608K, committed 122880K, used 101818K [0x0000000600000000, 0x0000000800000000)
  region size 4096K, 9 young (36864K), 1 survivors (4096K)
 Metaspace       used 69243K, committed 71232K, reserved 1114112K
  class space    used 10130K, committed 11072K, reserved 1048576K
}
Event: 18.069 GC heap after
{Heap after GC invocations=24 (full 0):
 garbage-first heap   total reserved 8388608K, committed 122880K, used 73120K [0x0000000600000000, 0x0000000800000000)
  region size 4096K, 2 young (8192K), 2 survivors (8192K)
 Metaspace       used 69243K, committed 71232K, reserved 1114112K
  class space    used 10130K, committed 11072K, reserved 1048576K
}
Event: 19.144 GC heap before
{Heap before GC invocations=24 (full 0):
 garbage-first heap   total reserved 8388608K, committed 122880K, used 101792K [0x0000000600000000, 0x0000000800000000)
  region size 4096K, 9 young (36864K), 2 survivors (8192K)
 Metaspace       used 71453K, committed 73536K, reserved 1114112K
  class space    used 10492K, committed 11520K, reserved 1048576K
}
Event: 19.167 GC heap after
{Heap after GC invocations=25 (full 0):
 garbage-first heap   total reserved 8388608K, committed 147456K, used 74148K [0x0000000600000000, 0x0000000800000000)
  region size 4096K, 2 young (8192K), 2 survivors (8192K)
 Metaspace       used 71453K, committed 73536K, reserved 1114112K
  class space    used 10492K, committed 11520K, reserved 1048576K
}
Event: 21.515 GC heap before
{Heap before GC invocations=25 (full 0):
 garbage-first heap   total reserved 8388608K, committed 147456K, used 123300K [0x0000000600000000, 0x0000000800000000)
  region size 4096K, 14 young (57344K), 2 survivors (8192K)
 Metaspace       used 74892K, committed 76992K, reserved 1114112K
  class space    used 11099K, committed 12096K, reserved 1048576K
}
Event: 21.538 GC heap after
{Heap after GC invocations=26 (full 0):
 garbage-first heap   total reserved 8388608K, committed 147456K, used 77983K [0x0000000600000000, 0x0000000800000000)
  region size 4096K, 2 young (8192K), 2 survivors (8192K)
 Metaspace       used 74892K, committed 76992K, reserved 1114112K
  class space    used 11099K, committed 12096K, reserved 1048576K
}

