# JRE version: OpenJDK Runtime Environment Temurin-21.0.5+11 (21.0.5+11) (build 21.0.5+11-LTS)
# Java VM: OpenJDK 64-Bit Server VM Temurin-21.0.5+11 (21.0.5+11-LTS, mixed mode, sharing, tiered, compressed oops, compressed class ptrs, g1 gc, windows-amd64)
GC Precious Log:
 CardTable entry size: 512
 Card Set container configuration: InlinePtr #cards 4 size 8 Array Of Cards #cards 32 size 80 Howl #buckets 8 coarsen threshold 7372 Howl Bitmap #cards 1024 size 144 coarsen threshold 921 Card regions per heap region 1 cards per card region 8192
 CPUs: 8 total, 8 available
 Memory: 7975M
 Large Page Support: Disabled
 NUMA Support: Disabled
 Compressed Oops: Enabled (Zero based)
 Heap Region Size: 4M
 Heap Min Capacity: 8M
 Heap Initial Capacity: 128M
 Heap Max Capacity: 8G
 Pre-touch: Disabled
 Parallel Workers: 8
 Concurrent Workers: 2
 Concurrent Refinement Workers: 8
 Periodic GC: Disabled
Heap:
 garbage-first heap   total 147456K, used 99116K [0x0000000600000000, 0x0000000800000000)
  region size 4096K, 10 young (40960K), 2 survivors (8192K)
 Metaspace       used 75503K, committed 77696K, reserved 1179648K
  class space    used 10868K, committed 11968K, reserved 1048576K
GC Heap History (20 events):
Event: 11.622 GC heap before
{Heap before GC invocations=12 (full 0):
 garbage-first heap   total 98304K, used 76711K [0x0000000600000000, 0x0000000800000000)
  region size 4096K, 11 young (45056K), 2 survivors (8192K)
 Metaspace       used 48077K, committed 49856K, reserved 1114112K
  class space    used 6928K, committed 7808K, reserved 1048576K
}
Event: 11.626 GC heap after
{Heap after GC invocations=13 (full 0):
 garbage-first heap   total 98304K, used 41642K [0x0000000600000000, 0x0000000800000000)
  region size 4096K, 1 young (4096K), 1 survivors (4096K)
 Metaspace       used 48077K, committed 49856K, reserved 1114112K
  class space    used 6928K, committed 7808K, reserved 1048576K
}
Event: 12.293 GC heap before
{Heap before GC invocations=13 (full 0):
 garbage-first heap   total 98304K, used 78506K [0x0000000600000000, 0x0000000800000000)
  region size 4096K, 11 young (45056K), 1 survivors (4096K)
 Metaspace       used 49951K, committed 51648K, reserved 1114112K
  class space    used 7187K, committed 8064K, reserved 1048576K
}
Event: 12.301 GC heap after
{Heap after GC invocations=14 (full 0):
 garbage-first heap   total 98304K, used 46310K [0x0000000600000000, 0x0000000800000000)
  region size 4096K, 2 young (8192K), 2 survivors (8192K)
 Metaspace       used 49951K, committed 51648K, reserved 1114112K
  class space    used 7187K, committed 8064K, reserved 1048576K
}
Event: 12.741 GC heap before
{Heap before GC invocations=14 (full 0):
 garbage-first heap   total 98304K, used 79078K [0x0000000600000000, 0x0000000800000000)
  region size 4096K, 10 young (40960K), 2 survivors (8192K)
 Metaspace       used 52376K, committed 54208K, reserved 1114112K
  class space    used 7578K, committed 8512K, reserved 1048576K
}
Event: 12.746 GC heap after
{Heap after GC invocations=15 (full 0):
 garbage-first heap   total 118784K, used 48887K [0x0000000600000000, 0x0000000800000000)
  region size 4096K, 1 young (4096K), 1 survivors (4096K)
 Metaspace       used 52376K, committed 54208K, reserved 1114112K
  class space    used 7578K, committed 8512K, reserved 1048576K
}
Event: 13.924 GC heap before
{Heap before GC invocations=15 (full 0):
 garbage-first heap   total 118784K, used 106231K [0x0000000600000000, 0x0000000800000000)
  region size 4096K, 14 young (57344K), 1 survivors (4096K)
 Metaspace       used 57482K, committed 59456K, reserved 1114112K
  class space    used 8296K, committed 9280K, reserved 1048576K
}
Event: 13.930 GC heap after
{Heap after GC invocations=16 (full 0):
 garbage-first heap   total 122880K, used 62576K [0x0000000600000000, 0x0000000800000000)
  region size 4096K, 2 young (8192K), 2 survivors (8192K)
 Metaspace       used 57482K, committed 59456K, reserved 1114112K
  class space    used 8296K, committed 9280K, reserved 1048576K
}
Event: 14.042 GC heap before
{Heap before GC invocations=16 (full 0):
 garbage-first heap   total 122880K, used 66672K [0x0000000600000000, 0x0000000800000000)
  region size 4096K, 4 young (16384K), 2 survivors (8192K)
 Metaspace       used 58217K, committed 60160K, reserved 1114112K
  class space    used 8400K, committed 9408K, reserved 1048576K
}
Event: 14.048 GC heap after
{Heap after GC invocations=17 (full 0):
 garbage-first heap   total 122880K, used 64222K [0x0000000600000000, 0x0000000800000000)
  region size 4096K, 1 young (4096K), 1 survivors (4096K)
 Metaspace       used 58217K, committed 60160K, reserved 1114112K
  class space    used 8400K, committed 9408K, reserved 1048576K
}
Event: 14.460 GC heap before
{Heap before GC invocations=18 (full 0):
 garbage-first heap   total 122880K, used 105182K [0x0000000600000000, 0x0000000800000000)
  region size 4096K, 11 young (45056K), 1 survivors (4096K)
 Metaspace       used 62130K, committed 64128K, reserved 1114112K
  class space    used 8908K, committed 9920K, reserved 1048576K
}
Event: 14.464 GC heap after
{Heap after GC invocations=19 (full 0):
 garbage-first heap   total 122880K, used 65825K [0x0000000600000000, 0x0000000800000000)
  region size 4096K, 1 young (4096K), 1 survivors (4096K)
 Metaspace       used 62130K, committed 64128K, reserved 1114112K
  class space    used 8908K, committed 9920K, reserved 1048576K
}
Event: 14.888 GC heap before
{Heap before GC invocations=19 (full 0):
 garbage-first heap   total 122880K, used 106785K [0x0000000600000000, 0x0000000800000000)
  region size 4096K, 11 young (45056K), 1 survivors (4096K)
 Metaspace       used 64834K, committed 66752K, reserved 1114112K
  class space    used 9266K, committed 10240K, reserved 1048576K
}
Event: 14.893 GC heap after
{Heap after GC invocations=20 (full 0):
 garbage-first heap   total 122880K, used 66050K [0x0000000600000000, 0x0000000800000000)
  region size 4096K, 1 young (4096K), 1 survivors (4096K)
 Metaspace       used 64834K, committed 66752K, reserved 1114112K
  class space    used 9266K, committed 10240K, reserved 1048576K
}
Event: 15.680 GC heap before
{Heap before GC invocations=20 (full 0):
 garbage-first heap   total 122880K, used 107010K [0x0000000600000000, 0x0000000800000000)
  region size 4096K, 11 young (45056K), 1 survivors (4096K)
 Metaspace       used 67146K, committed 69120K, reserved 1114112K
  class space    used 9579K, committed 10560K, reserved 1048576K
}
Event: 15.685 GC heap after
{Heap after GC invocations=21 (full 0):
 garbage-first heap   total 122880K, used 70200K [0x0000000600000000, 0x0000000800000000)
  region size 4096K, 2 young (8192K), 2 survivors (8192K)
 Metaspace       used 67146K, committed 69120K, reserved 1114112K
  class space    used 9579K, committed 10560K, reserved 1048576K
}
Event: 16.180 GC heap before
{Heap before GC invocations=22 (full 0):
 garbage-first heap   total 122880K, used 102968K [0x0000000600000000, 0x0000000800000000)
  region size 4096K, 10 young (40960K), 2 survivors (8192K)
 Metaspace       used 69434K, committed 71488K, reserved 1114112K
  class space    used 9961K, committed 11008K, reserved 1048576K
}
Event: 16.186 GC heap after
{Heap after GC invocations=23 (full 0):
 garbage-first heap   total 122880K, used 72872K [0x0000000600000000, 0x0000000800000000)
  region size 4096K, 2 young (8192K), 2 survivors (8192K)
 Metaspace       used 69434K, committed 71488K, reserved 1114112K
  class space    used 9961K, committed 11008K, reserved 1048576K
}
Event: 16.614 GC heap before
{Heap before GC invocations=23 (full 0):
 garbage-first heap   total 122880K, used 97448K [0x0000000600000000, 0x0000000800000000)
  region size 4096K, 9 young (36864K), 2 survivors (8192K)
 Metaspace       used 71844K, committed 73920K, reserved 1114112K
  class space    used 10375K, committed 11392K, reserved 1048576K
}
Event: 16.623 GC heap after
{Heap after GC invocations=24 (full 0):
 garbage-first heap   total 147456K, used 74540K [0x0000000600000000, 0x0000000800000000)
  region size 4096K, 2 young (8192K), 2 survivors (8192K)
 Metaspace       used 71844K, committed 73920K, reserved 1114112K
  class space    used 10375K, committed 11392K, reserved 1048576K
}

