# JRE version: OpenJDK Runtime Environment Temurin-21.0.5+11 (21.0.5+11) (build 21.0.5+11-LTS)
# Java VM: OpenJDK 64-Bit Server VM Temurin-21.0.5+11 (21.0.5+11-LTS, mixed mode, sharing, tiered, compressed oops, compressed class ptrs, g1 gc, windows-amd64)
GC Precious Log:
 CardTable entry size: 512
 Card Set container configuration: InlinePtr #cards 4 size 8 Array Of Cards #cards 32 size 80 Howl #buckets 8 coarsen threshold 7372 Howl Bitmap #cards 1024 size 144 coarsen threshold 921 Card regions per heap region 1 cards per card region 8192
 CPUs: 8 total, 8 available
 Memory: 7975M
 Large Page Support: Disabled
 NUMA Support: Disabled
 Compressed Oops: Enabled (Zero based)
 Heap Region Size: 4M
 Heap Min Capacity: 8M
 Heap Initial Capacity: 128M
 Heap Max Capacity: 8G
 Pre-touch: Disabled
 Parallel Workers: 8
 Concurrent Workers: 2
 Concurrent Refinement Workers: 8
 Periodic GC: Disabled
Heap:
 garbage-first heap   total 131072K, used 90512K [0x0000000600000000, 0x0000000800000000)
  region size 4096K, 7 young (28672K), 1 survivors (4096K)
 Metaspace       used 73761K, committed 75904K, reserved 1114112K
  class space    used 10619K, committed 11712K, reserved 1048576K
GC Heap History (20 events):
Event: 9.428 GC heap before
{Heap before GC invocations=13 (full 0):
 garbage-first heap   total 110592K, used 88604K [0x0000000600000000, 0x0000000800000000)
  region size 4096K, 13 young (53248K), 2 survivors (8192K)
 Metaspace       used 52174K, committed 54016K, reserved 1114112K
  class space    used 7466K, committed 8384K, reserved 1048576K
}
Event: 9.435 GC heap after
{Heap after GC invocations=14 (full 0):
 garbage-first heap   total 110592K, used 47137K [0x0000000600000000, 0x0000000800000000)
  region size 4096K, 2 young (8192K), 2 survivors (8192K)
 Metaspace       used 52174K, committed 54016K, reserved 1114112K
  class space    used 7466K, committed 8384K, reserved 1048576K
}
Event: 9.967 GC heap before
{Heap before GC invocations=14 (full 0):
 garbage-first heap   total 110592K, used 92193K [0x0000000600000000, 0x0000000800000000)
  region size 4096K, 13 young (53248K), 2 survivors (8192K)
 Metaspace       used 53999K, committed 55872K, reserved 1114112K
  class space    used 7727K, committed 8640K, reserved 1048576K
}
Event: 9.974 GC heap after
{Heap after GC invocations=15 (full 0):
 garbage-first heap   total 110592K, used 50793K [0x0000000600000000, 0x0000000800000000)
  region size 4096K, 2 young (8192K), 2 survivors (8192K)
 Metaspace       used 53999K, committed 55872K, reserved 1114112K
  class space    used 7727K, committed 8640K, reserved 1048576K
}
Event: 10.563 GC heap before
{Heap before GC invocations=15 (full 0):
 garbage-first heap   total 110592K, used 87657K [0x0000000600000000, 0x0000000800000000)
  region size 4096K, 12 young (49152K), 2 survivors (8192K)
 Metaspace       used 57818K, committed 59776K, reserved 1114112K
  class space    used 8331K, committed 9344K, reserved 1048576K
}
Event: 10.569 GC heap after
{Heap after GC invocations=16 (full 0):
 garbage-first heap   total 110592K, used 55021K [0x0000000600000000, 0x0000000800000000)
  region size 4096K, 2 young (8192K), 2 survivors (8192K)
 Metaspace       used 57818K, committed 59776K, reserved 1114112K
  class space    used 8331K, committed 9344K, reserved 1048576K
}
Event: 10.779 GC heap before
{Heap before GC invocations=16 (full 0):
 garbage-first heap   total 110592K, used 63213K [0x0000000600000000, 0x0000000800000000)
  region size 4096K, 5 young (20480K), 2 survivors (8192K)
 Metaspace       used 59065K, committed 61056K, reserved 1114112K
  class space    used 8467K, committed 9472K, reserved 1048576K
}
Event: 10.783 GC heap after
{Heap after GC invocations=17 (full 0):
 garbage-first heap   total 110592K, used 56944K [0x0000000600000000, 0x0000000800000000)
  region size 4096K, 1 young (4096K), 1 survivors (4096K)
 Metaspace       used 59065K, committed 61056K, reserved 1114112K
  class space    used 8467K, committed 9472K, reserved 1048576K
}
Event: 11.279 GC heap before
{Heap before GC invocations=18 (full 0):
 garbage-first heap   total 110592K, used 97904K [0x0000000600000000, 0x0000000800000000)
  region size 4096K, 10 young (40960K), 1 survivors (4096K)
 Metaspace       used 62367K, committed 64384K, reserved 1114112K
  class space    used 8928K, committed 9920K, reserved 1048576K
}
Event: 11.283 GC heap after
{Heap after GC invocations=19 (full 0):
 garbage-first heap   total 110592K, used 66443K [0x0000000600000000, 0x0000000800000000)
  region size 4096K, 1 young (4096K), 1 survivors (4096K)
 Metaspace       used 62367K, committed 64384K, reserved 1114112K
  class space    used 8928K, committed 9920K, reserved 1048576K
}
Event: 11.794 GC heap before
{Heap before GC invocations=19 (full 0):
 garbage-first heap   total 110592K, used 95115K [0x0000000600000000, 0x0000000800000000)
  region size 4096K, 8 young (32768K), 1 survivors (4096K)
 Metaspace       used 64836K, committed 66816K, reserved 1114112K
  class space    used 9242K, committed 10240K, reserved 1048576K
}
Event: 11.802 GC heap after
{Heap after GC invocations=20 (full 0):
 garbage-first heap   total 110592K, used 67187K [0x0000000600000000, 0x0000000800000000)
  region size 4096K, 1 young (4096K), 1 survivors (4096K)
 Metaspace       used 64836K, committed 66816K, reserved 1114112K
  class space    used 9242K, committed 10240K, reserved 1048576K
}
Event: 12.181 GC heap before
{Heap before GC invocations=20 (full 0):
 garbage-first heap   total 110592K, used 95859K [0x0000000600000000, 0x0000000800000000)
  region size 4096K, 8 young (32768K), 1 survivors (4096K)
 Metaspace       used 66646K, committed 68608K, reserved 1114112K
  class space    used 9469K, committed 10432K, reserved 1048576K
}
Event: 12.186 GC heap after
{Heap after GC invocations=21 (full 0):
 garbage-first heap   total 110592K, used 67870K [0x0000000600000000, 0x0000000800000000)
  region size 4096K, 1 young (4096K), 1 survivors (4096K)
 Metaspace       used 66646K, committed 68608K, reserved 1114112K
  class space    used 9469K, committed 10432K, reserved 1048576K
}
Event: 12.685 GC heap before
{Heap before GC invocations=22 (full 0):
 garbage-first heap   total 118784K, used 92446K [0x0000000600000000, 0x0000000800000000)
  region size 4096K, 8 young (32768K), 1 survivors (4096K)
 Metaspace       used 67816K, committed 69824K, reserved 1114112K
  class space    used 9643K, committed 10624K, reserved 1048576K
}
Event: 12.689 GC heap after
{Heap after GC invocations=23 (full 0):
 garbage-first heap   total 118784K, used 71293K [0x0000000600000000, 0x0000000800000000)
  region size 4096K, 1 young (4096K), 1 survivors (4096K)
 Metaspace       used 67816K, committed 69824K, reserved 1114112K
  class space    used 9643K, committed 10624K, reserved 1048576K
}
Event: 13.171 GC heap before
{Heap before GC invocations=23 (full 0):
 garbage-first heap   total 118784K, used 104061K [0x0000000600000000, 0x0000000800000000)
  region size 4096K, 9 young (36864K), 1 survivors (4096K)
 Metaspace       used 70249K, committed 72384K, reserved 1114112K
  class space    used 9987K, committed 11072K, reserved 1048576K
}
Event: 13.177 GC heap after
{Heap after GC invocations=24 (full 0):
 garbage-first heap   total 118784K, used 71924K [0x0000000600000000, 0x0000000800000000)
  region size 4096K, 2 young (8192K), 2 survivors (8192K)
 Metaspace       used 70249K, committed 72384K, reserved 1114112K
  class space    used 9987K, committed 11072K, reserved 1048576K
}
Event: 13.579 GC heap before
{Heap before GC invocations=24 (full 0):
 garbage-first heap   total 118784K, used 96500K [0x0000000600000000, 0x0000000800000000)
  region size 4096K, 8 young (32768K), 2 survivors (8192K)
 Metaspace       used 72099K, committed 74304K, reserved 1114112K
  class space    used 10307K, committed 11392K, reserved 1048576K
}
Event: 13.584 GC heap after
{Heap after GC invocations=25 (full 0):
 garbage-first heap   total 118784K, used 74128K [0x0000000600000000, 0x0000000800000000)
  region size 4096K, 1 young (4096K), 1 survivors (4096K)
 Metaspace       used 72099K, committed 74304K, reserved 1114112K
  class space    used 10307K, committed 11392K, reserved 1048576K
}

