# JRE version: OpenJDK Runtime Environment Temurin-21.0.5+11 (21.0.5+11) (build 21.0.5+11-LTS)
# Java VM: OpenJDK 64-Bit Server VM Temurin-21.0.5+11 (21.0.5+11-LTS, mixed mode, sharing, tiered, compressed oops, compressed class ptrs, parallel gc, windows-amd64)
GC Precious Log:
 CardTable entry size: 512
 CPUs: 8 total, 8 available
 Memory: 7975M
 Large Page Support: Disabled
 NUMA Support: Disabled
 Compressed Oops: Enabled (32-bit)
 Alignments: Space 512K, Generation 512K, Heap 2M
 Heap Min Capacity: 100M
 Heap Initial Capacity: 100M
 Heap Max Capacity: 1G
 Pre-touch: Disabled
 Parallel Workers: 8
Heap:
 PSYoungGen      total 7680K, used 4755K [0x00000000eab00000, 0x00000000eb700000, 0x0000000100000000)
  eden space 4096K, 37% used [0x00000000eab00000,0x00000000eac80070,0x00000000eaf00000)
  from space 3584K, 89% used [0x00000000eaf00000,0x00000000eb224f18,0x00000000eb280000)
  to   space 3584K, 0% used [0x00000000eb380000,0x00000000eb380000,0x00000000eb700000)
 ParOldGen       total 337408K, used 337043K [0x00000000c0000000, 0x00000000d4980000, 0x00000000eab00000)
  object space 337408K, 99% used [0x00000000c0000000,0x00000000d4924f78,0x00000000d4980000)
 Metaspace       used 75773K, committed 77312K, reserved 1179648K
  class space    used 9157K, committed 9856K, reserved 1048576K
GC Heap History (20 events):
Event: 139.270 GC heap after
{Heap after GC invocations=187 (full 4):
 PSYoungGen      total 8704K, used 1005K [0x00000000eab00000, 0x00000000eb980000, 0x0000000100000000)
  eden space 7680K, 0% used [0x00000000eab00000,0x00000000eab00000,0x00000000eb280000)
  from space 1024K, 98% used [0x00000000eb300000,0x00000000eb3fb5a8,0x00000000eb400000)
  to   space 3584K, 0% used [0x00000000eb600000,0x00000000eb600000,0x00000000eb980000)
 ParOldGen       total 317952K, used 317520K [0x00000000c0000000, 0x00000000d3680000, 0x00000000eab00000)
  object space 317952K, 99% used [0x00000000c0000000,0x00000000d3614178,0x00000000d3680000)
 Metaspace       used 75360K, committed 76928K, reserved 1179648K
  class space    used 9121K, committed 9856K, reserved 1048576K
}
Event: 139.336 GC heap before
{Heap before GC invocations=188 (full 4):
 PSYoungGen      total 8704K, used 8685K [0x00000000eab00000, 0x00000000eb980000, 0x0000000100000000)
  eden space 7680K, 100% used [0x00000000eab00000,0x00000000eb280000,0x00000000eb280000)
  from space 1024K, 98% used [0x00000000eb300000,0x00000000eb3fb5a8,0x00000000eb400000)
  to   space 3584K, 0% used [0x00000000eb600000,0x00000000eb600000,0x00000000eb980000)
 ParOldGen       total 317952K, used 317520K [0x00000000c0000000, 0x00000000d3680000, 0x00000000eab00000)
  object space 317952K, 99% used [0x00000000c0000000,0x00000000d3614178,0x00000000d3680000)
 Metaspace       used 75559K, committed 77120K, reserved 1179648K
  class space    used 9142K, committed 9856K, reserved 1048576K
}
Event: 139.341 GC heap after
{Heap after GC invocations=188 (full 4):
 PSYoungGen      total 9216K, used 3580K [0x00000000eab00000, 0x00000000ebd80000, 0x0000000100000000)
  eden space 5632K, 0% used [0x00000000eab00000,0x00000000eab00000,0x00000000eb080000)
  from space 3584K, 99% used [0x00000000eb600000,0x00000000eb97f3c0,0x00000000eb980000)
  to   space 5632K, 0% used [0x00000000eb080000,0x00000000eb080000,0x00000000eb600000)
 ParOldGen       total 318976K, used 318655K [0x00000000c0000000, 0x00000000d3780000, 0x00000000eab00000)
  object space 318976K, 99% used [0x00000000c0000000,0x00000000d372fc98,0x00000000d3780000)
 Metaspace       used 75559K, committed 77120K, reserved 1179648K
  class space    used 9142K, committed 9856K, reserved 1048576K
}
Event: 139.393 GC heap before
{Heap before GC invocations=189 (full 4):
 PSYoungGen      total 9216K, used 9212K [0x00000000eab00000, 0x00000000ebd80000, 0x0000000100000000)
  eden space 5632K, 100% used [0x00000000eab00000,0x00000000eb080000,0x00000000eb080000)
  from space 3584K, 99% used [0x00000000eb600000,0x00000000eb97f3c0,0x00000000eb980000)
  to   space 5632K, 0% used [0x00000000eb080000,0x00000000eb080000,0x00000000eb600000)
 ParOldGen       total 318976K, used 318655K [0x00000000c0000000, 0x00000000d3780000, 0x00000000eab00000)
  object space 318976K, 99% used [0x00000000c0000000,0x00000000d372fc98,0x00000000d3780000)
 Metaspace       used 75725K, committed 77248K, reserved 1179648K
  class space    used 9156K, committed 9856K, reserved 1048576K
}
Event: 139.398 GC heap after
{Heap after GC invocations=189 (full 4):
 PSYoungGen      total 8192K, used 2547K [0x00000000eab00000, 0x00000000eb780000, 0x0000000100000000)
  eden space 5632K, 0% used [0x00000000eab00000,0x00000000eab00000,0x00000000eb080000)
  from space 2560K, 99% used [0x00000000eb080000,0x00000000eb2fcfd0,0x00000000eb300000)
  to   space 3584K, 0% used [0x00000000eb400000,0x00000000eb400000,0x00000000eb780000)
 ParOldGen       total 322048K, used 321536K [0x00000000c0000000, 0x00000000d3a80000, 0x00000000eab00000)
  object space 322048K, 99% used [0x00000000c0000000,0x00000000d3a002e8,0x00000000d3a80000)
 Metaspace       used 75725K, committed 77248K, reserved 1179648K
  class space    used 9156K, committed 9856K, reserved 1048576K
}
Event: 139.496 GC heap before
{Heap before GC invocations=190 (full 4):
 PSYoungGen      total 8192K, used 8179K [0x00000000eab00000, 0x00000000eb780000, 0x0000000100000000)
  eden space 5632K, 100% used [0x00000000eab00000,0x00000000eb080000,0x00000000eb080000)
  from space 2560K, 99% used [0x00000000eb080000,0x00000000eb2fcfd0,0x00000000eb300000)
  to   space 3584K, 0% used [0x00000000eb400000,0x00000000eb400000,0x00000000eb780000)
 ParOldGen       total 322048K, used 321536K [0x00000000c0000000, 0x00000000d3a80000, 0x00000000eab00000)
  object space 322048K, 99% used [0x00000000c0000000,0x00000000d3a002e8,0x00000000d3a80000)
 Metaspace       used 75729K, committed 77248K, reserved 1179648K
  class space    used 9156K, committed 9856K, reserved 1048576K
}
Event: 139.500 GC heap after
{Heap after GC invocations=190 (full 4):
 PSYoungGen      total 8704K, used 3529K [0x00000000eab00000, 0x00000000eb880000, 0x0000000100000000)
  eden space 5120K, 0% used [0x00000000eab00000,0x00000000eab00000,0x00000000eb000000)
  from space 3584K, 98% used [0x00000000eb400000,0x00000000eb772770,0x00000000eb780000)
  to   space 4096K, 0% used [0x00000000eb000000,0x00000000eb000000,0x00000000eb400000)
 ParOldGen       total 324096K, used 323949K [0x00000000c0000000, 0x00000000d3c80000, 0x00000000eab00000)
  object space 324096K, 99% used [0x00000000c0000000,0x00000000d3c5b7c0,0x00000000d3c80000)
 Metaspace       used 75729K, committed 77248K, reserved 1179648K
  class space    used 9156K, committed 9856K, reserved 1048576K
}
Event: 139.586 GC heap before
{Heap before GC invocations=191 (full 4):
 PSYoungGen      total 8704K, used 8641K [0x00000000eab00000, 0x00000000eb880000, 0x0000000100000000)
  eden space 5120K, 99% used [0x00000000eab00000,0x00000000eaffdf78,0x00000000eb000000)
  from space 3584K, 98% used [0x00000000eb400000,0x00000000eb772770,0x00000000eb780000)
  to   space 4096K, 0% used [0x00000000eb000000,0x00000000eb000000,0x00000000eb400000)
 ParOldGen       total 324096K, used 323949K [0x00000000c0000000, 0x00000000d3c80000, 0x00000000eab00000)
  object space 324096K, 99% used [0x00000000c0000000,0x00000000d3c5b7c0,0x00000000d3c80000)
 Metaspace       used 75754K, committed 77312K, reserved 1179648K
  class space    used 9156K, committed 9856K, reserved 1048576K
}
Event: 139.591 GC heap after
{Heap after GC invocations=191 (full 4):
 PSYoungGen      total 7168K, used 1583K [0x00000000eab00000, 0x00000000eb500000, 0x0000000100000000)
  eden space 5120K, 0% used [0x00000000eab00000,0x00000000eab00000,0x00000000eb000000)
  from space 2048K, 77% used [0x00000000eb000000,0x00000000eb18bf40,0x00000000eb200000)
  to   space 2560K, 0% used [0x00000000eb280000,0x00000000eb280000,0x00000000eb500000)
 ParOldGen       total 327680K, used 327311K [0x00000000c0000000, 0x00000000d4000000, 0x00000000eab00000)
  object space 327680K, 99% used [0x00000000c0000000,0x00000000d3fa3e80,0x00000000d4000000)
 Metaspace       used 75754K, committed 77312K, reserved 1179648K
  class space    used 9156K, committed 9856K, reserved 1048576K
}
Event: 139.641 GC heap before
{Heap before GC invocations=192 (full 4):
 PSYoungGen      total 7168K, used 6703K [0x00000000eab00000, 0x00000000eb500000, 0x0000000100000000)
  eden space 5120K, 99% used [0x00000000eab00000,0x00000000eafffd88,0x00000000eb000000)
  from space 2048K, 77% used [0x00000000eb000000,0x00000000eb18bf40,0x00000000eb200000)
  to   space 2560K, 0% used [0x00000000eb280000,0x00000000eb280000,0x00000000eb500000)
 ParOldGen       total 327680K, used 327311K [0x00000000c0000000, 0x00000000d4000000, 0x00000000eab00000)
  object space 327680K, 99% used [0x00000000c0000000,0x00000000d3fa3e80,0x00000000d4000000)
 Metaspace       used 75754K, committed 77312K, reserved 1179648K
  class space    used 9156K, committed 9856K, reserved 1048576K
}
Event: 139.645 GC heap after
{Heap after GC invocations=192 (full 4):
 PSYoungGen      total 7168K, used 1726K [0x00000000eab00000, 0x00000000eb480000, 0x0000000100000000)
  eden space 5120K, 0% used [0x00000000eab00000,0x00000000eab00000,0x00000000eb000000)
  from space 2048K, 84% used [0x00000000eb280000,0x00000000eb42f960,0x00000000eb480000)
  to   space 2048K, 0% used [0x00000000eb000000,0x00000000eb000000,0x00000000eb200000)
 ParOldGen       total 329216K, used 328798K [0x00000000c0000000, 0x00000000d4180000, 0x00000000eab00000)
  object space 329216K, 99% used [0x00000000c0000000,0x00000000d4117868,0x00000000d4180000)
 Metaspace       used 75754K, committed 77312K, reserved 1179648K
  class space    used 9156K, committed 9856K, reserved 1048576K
}
Event: 139.661 GC heap before
{Heap before GC invocations=193 (full 4):
 PSYoungGen      total 7168K, used 6846K [0x00000000eab00000, 0x00000000eb480000, 0x0000000100000000)
  eden space 5120K, 100% used [0x00000000eab00000,0x00000000eb000000,0x00000000eb000000)
  from space 2048K, 84% used [0x00000000eb280000,0x00000000eb42f960,0x00000000eb480000)
  to   space 2048K, 0% used [0x00000000eb000000,0x00000000eb000000,0x00000000eb200000)
 ParOldGen       total 329216K, used 328798K [0x00000000c0000000, 0x00000000d4180000, 0x00000000eab00000)
  object space 329216K, 99% used [0x00000000c0000000,0x00000000d4117868,0x00000000d4180000)
 Metaspace       used 75754K, committed 77312K, reserved 1179648K
  class space    used 9156K, committed 9856K, reserved 1048576K
}
Event: 139.665 GC heap after
{Heap after GC invocations=193 (full 4):
 PSYoungGen      total 7168K, used 288K [0x00000000eab00000, 0x00000000eb300000, 0x0000000100000000)
  eden space 5120K, 0% used [0x00000000eab00000,0x00000000eab00000,0x00000000eb000000)
  from space 2048K, 14% used [0x00000000eb000000,0x00000000eb048000,0x00000000eb200000)
  to   space 1024K, 0% used [0x00000000eb200000,0x00000000eb200000,0x00000000eb300000)
 ParOldGen       total 330752K, used 330411K [0x00000000c0000000, 0x00000000d4300000, 0x00000000eab00000)
  object space 330752K, 99% used [0x00000000c0000000,0x00000000d42aace8,0x00000000d4300000)
 Metaspace       used 75754K, committed 77312K, reserved 1179648K
  class space    used 9156K, committed 9856K, reserved 1048576K
}
Event: 139.724 GC heap before
{Heap before GC invocations=194 (full 4):
 PSYoungGen      total 7168K, used 5408K [0x00000000eab00000, 0x00000000eb300000, 0x0000000100000000)
  eden space 5120K, 100% used [0x00000000eab00000,0x00000000eb000000,0x00000000eb000000)
  from space 2048K, 14% used [0x00000000eb000000,0x00000000eb048000,0x00000000eb200000)
  to   space 1024K, 0% used [0x00000000eb200000,0x00000000eb200000,0x00000000eb300000)
 ParOldGen       total 330752K, used 330411K [0x00000000c0000000, 0x00000000d4300000, 0x00000000eab00000)
  object space 330752K, 99% used [0x00000000c0000000,0x00000000d42aace8,0x00000000d4300000)
 Metaspace       used 75771K, committed 77312K, reserved 1179648K
  class space    used 9157K, committed 9856K, reserved 1048576K
}
Event: 139.728 GC heap after
{Heap after GC invocations=194 (full 4):
 PSYoungGen      total 5632K, used 1024K [0x00000000eab00000, 0x00000000eb500000, 0x0000000100000000)
  eden space 4608K, 0% used [0x00000000eab00000,0x00000000eab00000,0x00000000eaf80000)
  from space 1024K, 100% used [0x00000000eb200000,0x00000000eb300000,0x00000000eb300000)
  to   space 2560K, 0% used [0x00000000eaf80000,0x00000000eaf80000,0x00000000eb200000)
 ParOldGen       total 331776K, used 331346K [0x00000000c0000000, 0x00000000d4400000, 0x00000000eab00000)
  object space 331776K, 99% used [0x00000000c0000000,0x00000000d4394bf0,0x00000000d4400000)
 Metaspace       used 75771K, committed 77312K, reserved 1179648K
  class space    used 9157K, committed 9856K, reserved 1048576K
}
Event: 139.792 GC heap before
{Heap before GC invocations=195 (full 4):
 PSYoungGen      total 5632K, used 5632K [0x00000000eab00000, 0x00000000eb500000, 0x0000000100000000)
  eden space 4608K, 100% used [0x00000000eab00000,0x00000000eaf80000,0x00000000eaf80000)
  from space 1024K, 100% used [0x00000000eb200000,0x00000000eb300000,0x00000000eb300000)
  to   space 2560K, 0% used [0x00000000eaf80000,0x00000000eaf80000,0x00000000eb200000)
 ParOldGen       total 331776K, used 331346K [0x00000000c0000000, 0x00000000d4400000, 0x00000000eab00000)
  object space 331776K, 99% used [0x00000000c0000000,0x00000000d4394bf0,0x00000000d4400000)
 Metaspace       used 75772K, committed 77312K, reserved 1179648K
  class space    used 9157K, committed 9856K, reserved 1048576K
}
Event: 139.796 GC heap after
{Heap after GC invocations=195 (full 4):
 PSYoungGen      total 7168K, used 2483K [0x00000000eab00000, 0x00000000eb580000, 0x0000000100000000)
  eden space 4608K, 0% used [0x00000000eab00000,0x00000000eab00000,0x00000000eaf80000)
  from space 2560K, 97% used [0x00000000eaf80000,0x00000000eb1ece60,0x00000000eb200000)
  to   space 3072K, 0% used [0x00000000eb280000,0x00000000eb280000,0x00000000eb580000)
 ParOldGen       total 332800K, used 332377K [0x00000000c0000000, 0x00000000d4500000, 0x00000000eab00000)
  object space 332800K, 99% used [0x00000000c0000000,0x00000000d44966a0,0x00000000d4500000)
 Metaspace       used 75772K, committed 77312K, reserved 1179648K
  class space    used 9157K, committed 9856K, reserved 1048576K
}
Event: 139.851 GC heap before
{Heap before GC invocations=196 (full 4):
 PSYoungGen      total 7168K, used 7091K [0x00000000eab00000, 0x00000000eb580000, 0x0000000100000000)
  eden space 4608K, 100% used [0x00000000eab00000,0x00000000eaf80000,0x00000000eaf80000)
  from space 2560K, 97% used [0x00000000eaf80000,0x00000000eb1ece60,0x00000000eb200000)
  to   space 3072K, 0% used [0x00000000eb280000,0x00000000eb280000,0x00000000eb580000)
 ParOldGen       total 332800K, used 332377K [0x00000000c0000000, 0x00000000d4500000, 0x00000000eab00000)
  object space 332800K, 99% used [0x00000000c0000000,0x00000000d44966a0,0x00000000d4500000)
 Metaspace       used 75772K, committed 77312K, reserved 1179648K
  class space    used 9157K, committed 9856K, reserved 1048576K
}
Event: 139.856 GC heap after
{Heap after GC invocations=196 (full 4):
 PSYoungGen      total 7168K, used 3072K [0x00000000eab00000, 0x00000000eb680000, 0x0000000100000000)
  eden space 4096K, 0% used [0x00000000eab00000,0x00000000eab00000,0x00000000eaf00000)
  from space 3072K, 100% used [0x00000000eb280000,0x00000000eb580000,0x00000000eb580000)
  to   space 3584K, 0% used [0x00000000eaf00000,0x00000000eaf00000,0x00000000eb280000)
 ParOldGen       total 334848K, used 334763K [0x00000000c0000000, 0x00000000d4700000, 0x00000000eab00000)
  object space 334848K, 99% used [0x00000000c0000000,0x00000000d46eaf88,0x00000000d4700000)
 Metaspace       used 75772K, committed 77312K, reserved 1179648K
  class space    used 9157K, committed 9856K, reserved 1048576K
}
Event: 139.913 GC heap before
{Heap before GC invocations=197 (full 4):
 PSYoungGen      total 7168K, used 7168K [0x00000000eab00000, 0x00000000eb680000, 0x0000000100000000)
  eden space 4096K, 100% used [0x00000000eab00000,0x00000000eaf00000,0x00000000eaf00000)
  from space 3072K, 100% used [0x00000000eb280000,0x00000000eb580000,0x00000000eb580000)
  to   space 3584K, 0% used [0x00000000eaf00000,0x00000000eaf00000,0x00000000eb280000)
 ParOldGen       total 334848K, used 334763K [0x00000000c0000000, 0x00000000d4700000, 0x00000000eab00000)
  object space 334848K, 99% used [0x00000000c0000000,0x00000000d46eaf88,0x00000000d4700000)
 Metaspace       used 75773K, committed 77312K, reserved 1179648K
  class space    used 9157K, committed 9856K, reserved 1048576K
}

